[2025-07-23T01:53:54.741+0000] {taskinstance.py:1956} INFO - Dependencies all met for dep_context=non-requeueable deps ti=<TaskInstance: etl_pipeline.fetch_diabetes_data scheduled__2025-07-22T00:00:00+00:00 [queued]>
[2025-07-23T01:53:54.753+0000] {taskinstance.py:1956} INFO - Dependencies all met for dep_context=requeueable deps ti=<TaskInstance: etl_pipeline.fetch_diabetes_data scheduled__2025-07-22T00:00:00+00:00 [queued]>
[2025-07-23T01:53:54.754+0000] {taskinstance.py:2170} INFO - Starting attempt 1 of 2
[2025-07-23T01:53:54.774+0000] {taskinstance.py:2191} INFO - Executing <Task(PythonOperator): fetch_diabetes_data> on 2025-07-22 00:00:00+00:00
[2025-07-23T01:53:54.780+0000] {standard_task_runner.py:60} INFO - Started process 258 to run task
[2025-07-23T01:53:54.786+0000] {standard_task_runner.py:87} INFO - Running: ['***', 'tasks', 'run', 'etl_pipeline', 'fetch_diabetes_data', 'scheduled__2025-07-22T00:00:00+00:00', '--job-id', '3', '--raw', '--subdir', 'DAGS_FOLDER/main_pipeline.py', '--cfg-path', '/tmp/tmppuvs745r']
[2025-07-23T01:53:54.792+0000] {standard_task_runner.py:88} INFO - Job 3: Subtask fetch_diabetes_data
[2025-07-23T01:53:54.886+0000] {task_command.py:423} INFO - Running <TaskInstance: etl_pipeline.fetch_diabetes_data scheduled__2025-07-22T00:00:00+00:00 [running]> on host d113f261e9bc
[2025-07-23T01:53:55.000+0000] {taskinstance.py:2480} INFO - Exporting env vars: AIRFLOW_CTX_DAG_OWNER='ingrid' AIRFLOW_CTX_DAG_ID='etl_pipeline' AIRFLOW_CTX_TASK_ID='fetch_diabetes_data' AIRFLOW_CTX_EXECUTION_DATE='2025-07-22T00:00:00+00:00' AIRFLOW_CTX_TRY_NUMBER='1' AIRFLOW_CTX_DAG_RUN_ID='scheduled__2025-07-22T00:00:00+00:00'
[2025-07-23T01:53:56.243+0000] {python.py:201} INFO - Done. Returned value was: None
[2025-07-23T01:53:56.254+0000] {taskinstance.py:1138} INFO - Marking task as SUCCESS. dag_id=etl_pipeline, task_id=fetch_diabetes_data, execution_date=20250722T000000, start_date=20250723T015354, end_date=20250723T015356
[2025-07-23T01:53:56.288+0000] {local_task_job_runner.py:234} INFO - Task exited with return code 0
[2025-07-23T01:53:56.316+0000] {taskinstance.py:3280} INFO - 1 downstream tasks scheduled from follow-on schedule check
[2025-07-23T02:57:53.402+0000] {taskinstance.py:1956} INFO - Dependencies all met for dep_context=non-requeueable deps ti=<TaskInstance: etl_pipeline.fetch_diabetes_data scheduled__2025-07-22T00:00:00+00:00 [queued]>
[2025-07-23T02:57:53.426+0000] {taskinstance.py:1956} INFO - Dependencies all met for dep_context=requeueable deps ti=<TaskInstance: etl_pipeline.fetch_diabetes_data scheduled__2025-07-22T00:00:00+00:00 [queued]>
[2025-07-23T02:57:53.428+0000] {taskinstance.py:2170} INFO - Starting attempt 1 of 2
[2025-07-23T02:57:53.454+0000] {taskinstance.py:2191} INFO - Executing <Task(PythonOperator): fetch_diabetes_data> on 2025-07-22 00:00:00+00:00
[2025-07-23T02:57:53.462+0000] {standard_task_runner.py:60} INFO - Started process 188 to run task
[2025-07-23T02:57:53.469+0000] {standard_task_runner.py:87} INFO - Running: ['***', 'tasks', 'run', 'etl_pipeline', 'fetch_diabetes_data', 'scheduled__2025-07-22T00:00:00+00:00', '--job-id', '3', '--raw', '--subdir', 'DAGS_FOLDER/main_pipeline.py', '--cfg-path', '/tmp/tmp1gu8_ppp']
[2025-07-23T02:57:53.474+0000] {standard_task_runner.py:88} INFO - Job 3: Subtask fetch_diabetes_data
[2025-07-23T02:57:53.672+0000] {task_command.py:423} INFO - Running <TaskInstance: etl_pipeline.fetch_diabetes_data scheduled__2025-07-22T00:00:00+00:00 [running]> on host ee71ed761826
[2025-07-23T02:57:53.851+0000] {taskinstance.py:2480} INFO - Exporting env vars: AIRFLOW_CTX_DAG_OWNER='ingrid' AIRFLOW_CTX_DAG_ID='etl_pipeline' AIRFLOW_CTX_TASK_ID='fetch_diabetes_data' AIRFLOW_CTX_EXECUTION_DATE='2025-07-22T00:00:00+00:00' AIRFLOW_CTX_TRY_NUMBER='1' AIRFLOW_CTX_DAG_RUN_ID='scheduled__2025-07-22T00:00:00+00:00'
[2025-07-23T02:57:55.236+0000] {python.py:201} INFO - Done. Returned value was: None
[2025-07-23T02:57:55.251+0000] {taskinstance.py:1138} INFO - Marking task as SUCCESS. dag_id=etl_pipeline, task_id=fetch_diabetes_data, execution_date=20250722T000000, start_date=20250723T025753, end_date=20250723T025755
[2025-07-23T02:57:55.300+0000] {local_task_job_runner.py:234} INFO - Task exited with return code 0
[2025-07-23T02:57:55.344+0000] {taskinstance.py:3280} INFO - 1 downstream tasks scheduled from follow-on schedule check
