[2025-07-25T06:57:14.670+0000] {processor.py:161} INFO - Started process (PID=170) to work on /opt/airflow/dags/load_space.py
[2025-07-25T06:57:14.672+0000] {processor.py:830} INFO - Processing file /opt/airflow/dags/load_space.py for tasks to queue
[2025-07-25T06:57:14.673+0000] {logging_mixin.py:188} INFO - [2025-07-25T06:57:14.673+0000] {dagbag.py:538} INFO - Filling up the DagBag from /opt/airflow/dags/load_space.py
[2025-07-25T06:57:14.790+0000] {processor.py:842} WARNING - No viable dags retrieved from /opt/airflow/dags/load_space.py
[2025-07-25T06:57:14.818+0000] {processor.py:183} INFO - Processing /opt/airflow/dags/load_space.py took 0.154 seconds
[2025-07-25T06:57:45.448+0000] {processor.py:161} INFO - Started process (PID=190) to work on /opt/airflow/dags/load_space.py
[2025-07-25T06:57:45.451+0000] {processor.py:830} INFO - Processing file /opt/airflow/dags/load_space.py for tasks to queue
[2025-07-25T06:57:45.455+0000] {logging_mixin.py:188} INFO - [2025-07-25T06:57:45.454+0000] {dagbag.py:538} INFO - Filling up the DagBag from /opt/airflow/dags/load_space.py
[2025-07-25T06:57:45.846+0000] {processor.py:842} WARNING - No viable dags retrieved from /opt/airflow/dags/load_space.py
[2025-07-25T06:57:45.908+0000] {processor.py:183} INFO - Processing /opt/airflow/dags/load_space.py took 0.470 seconds
[2025-07-25T06:58:16.701+0000] {processor.py:161} INFO - Started process (PID=210) to work on /opt/airflow/dags/load_space.py
[2025-07-25T06:58:16.703+0000] {processor.py:830} INFO - Processing file /opt/airflow/dags/load_space.py for tasks to queue
[2025-07-25T06:58:16.705+0000] {logging_mixin.py:188} INFO - [2025-07-25T06:58:16.704+0000] {dagbag.py:538} INFO - Filling up the DagBag from /opt/airflow/dags/load_space.py
[2025-07-25T06:58:16.796+0000] {processor.py:842} WARNING - No viable dags retrieved from /opt/airflow/dags/load_space.py
[2025-07-25T06:58:16.817+0000] {processor.py:183} INFO - Processing /opt/airflow/dags/load_space.py took 0.123 seconds
[2025-07-25T06:58:47.405+0000] {processor.py:161} INFO - Started process (PID=230) to work on /opt/airflow/dags/load_space.py
[2025-07-25T06:58:47.407+0000] {processor.py:830} INFO - Processing file /opt/airflow/dags/load_space.py for tasks to queue
[2025-07-25T06:58:47.409+0000] {logging_mixin.py:188} INFO - [2025-07-25T06:58:47.408+0000] {dagbag.py:538} INFO - Filling up the DagBag from /opt/airflow/dags/load_space.py
[2025-07-25T06:58:47.489+0000] {processor.py:842} WARNING - No viable dags retrieved from /opt/airflow/dags/load_space.py
[2025-07-25T06:58:47.511+0000] {processor.py:183} INFO - Processing /opt/airflow/dags/load_space.py took 0.111 seconds
[2025-07-25T06:59:18.180+0000] {processor.py:161} INFO - Started process (PID=250) to work on /opt/airflow/dags/load_space.py
[2025-07-25T06:59:18.181+0000] {processor.py:830} INFO - Processing file /opt/airflow/dags/load_space.py for tasks to queue
[2025-07-25T06:59:18.183+0000] {logging_mixin.py:188} INFO - [2025-07-25T06:59:18.182+0000] {dagbag.py:538} INFO - Filling up the DagBag from /opt/airflow/dags/load_space.py
[2025-07-25T06:59:18.275+0000] {processor.py:842} WARNING - No viable dags retrieved from /opt/airflow/dags/load_space.py
[2025-07-25T06:59:18.300+0000] {processor.py:183} INFO - Processing /opt/airflow/dags/load_space.py took 0.127 seconds
[2025-07-25T06:59:48.940+0000] {processor.py:161} INFO - Started process (PID=270) to work on /opt/airflow/dags/load_space.py
[2025-07-25T06:59:48.942+0000] {processor.py:830} INFO - Processing file /opt/airflow/dags/load_space.py for tasks to queue
[2025-07-25T06:59:48.943+0000] {logging_mixin.py:188} INFO - [2025-07-25T06:59:48.943+0000] {dagbag.py:538} INFO - Filling up the DagBag from /opt/airflow/dags/load_space.py
[2025-07-25T06:59:49.034+0000] {processor.py:842} WARNING - No viable dags retrieved from /opt/airflow/dags/load_space.py
[2025-07-25T06:59:49.064+0000] {processor.py:183} INFO - Processing /opt/airflow/dags/load_space.py took 0.130 seconds
[2025-07-25T07:00:19.651+0000] {processor.py:161} INFO - Started process (PID=290) to work on /opt/airflow/dags/load_space.py
[2025-07-25T07:00:19.652+0000] {processor.py:830} INFO - Processing file /opt/airflow/dags/load_space.py for tasks to queue
[2025-07-25T07:00:19.653+0000] {logging_mixin.py:188} INFO - [2025-07-25T07:00:19.653+0000] {dagbag.py:538} INFO - Filling up the DagBag from /opt/airflow/dags/load_space.py
[2025-07-25T07:00:19.737+0000] {processor.py:842} WARNING - No viable dags retrieved from /opt/airflow/dags/load_space.py
[2025-07-25T07:00:19.761+0000] {processor.py:183} INFO - Processing /opt/airflow/dags/load_space.py took 0.117 seconds
[2025-07-25T07:00:50.609+0000] {processor.py:161} INFO - Started process (PID=310) to work on /opt/airflow/dags/load_space.py
[2025-07-25T07:00:50.610+0000] {processor.py:830} INFO - Processing file /opt/airflow/dags/load_space.py for tasks to queue
[2025-07-25T07:00:50.611+0000] {logging_mixin.py:188} INFO - [2025-07-25T07:00:50.611+0000] {dagbag.py:538} INFO - Filling up the DagBag from /opt/airflow/dags/load_space.py
[2025-07-25T07:00:50.699+0000] {processor.py:842} WARNING - No viable dags retrieved from /opt/airflow/dags/load_space.py
[2025-07-25T07:00:50.748+0000] {processor.py:183} INFO - Processing /opt/airflow/dags/load_space.py took 0.143 seconds
[2025-07-25T07:01:21.022+0000] {processor.py:161} INFO - Started process (PID=330) to work on /opt/airflow/dags/load_space.py
[2025-07-25T07:01:21.023+0000] {processor.py:830} INFO - Processing file /opt/airflow/dags/load_space.py for tasks to queue
[2025-07-25T07:01:21.025+0000] {logging_mixin.py:188} INFO - [2025-07-25T07:01:21.024+0000] {dagbag.py:538} INFO - Filling up the DagBag from /opt/airflow/dags/load_space.py
[2025-07-25T07:01:21.112+0000] {processor.py:842} WARNING - No viable dags retrieved from /opt/airflow/dags/load_space.py
[2025-07-25T07:01:21.135+0000] {processor.py:183} INFO - Processing /opt/airflow/dags/load_space.py took 0.118 seconds
[2025-07-25T07:01:51.754+0000] {processor.py:161} INFO - Started process (PID=350) to work on /opt/airflow/dags/load_space.py
[2025-07-25T07:01:51.756+0000] {processor.py:830} INFO - Processing file /opt/airflow/dags/load_space.py for tasks to queue
[2025-07-25T07:01:51.758+0000] {logging_mixin.py:188} INFO - [2025-07-25T07:01:51.757+0000] {dagbag.py:538} INFO - Filling up the DagBag from /opt/airflow/dags/load_space.py
[2025-07-25T07:01:51.831+0000] {processor.py:842} WARNING - No viable dags retrieved from /opt/airflow/dags/load_space.py
[2025-07-25T07:01:51.849+0000] {processor.py:183} INFO - Processing /opt/airflow/dags/load_space.py took 0.100 seconds
[2025-07-25T07:03:01.420+0000] {processor.py:161} INFO - Started process (PID=170) to work on /opt/airflow/dags/load_space.py
[2025-07-25T07:03:01.424+0000] {processor.py:830} INFO - Processing file /opt/airflow/dags/load_space.py for tasks to queue
[2025-07-25T07:03:01.427+0000] {logging_mixin.py:188} INFO - [2025-07-25T07:03:01.426+0000] {dagbag.py:538} INFO - Filling up the DagBag from /opt/airflow/dags/load_space.py
[2025-07-25T07:03:01.700+0000] {processor.py:842} WARNING - No viable dags retrieved from /opt/airflow/dags/load_space.py
[2025-07-25T07:03:01.748+0000] {processor.py:183} INFO - Processing /opt/airflow/dags/load_space.py took 0.335 seconds
[2025-07-25T07:03:32.350+0000] {processor.py:161} INFO - Started process (PID=190) to work on /opt/airflow/dags/load_space.py
[2025-07-25T07:03:32.351+0000] {processor.py:830} INFO - Processing file /opt/airflow/dags/load_space.py for tasks to queue
[2025-07-25T07:03:32.353+0000] {logging_mixin.py:188} INFO - [2025-07-25T07:03:32.353+0000] {dagbag.py:538} INFO - Filling up the DagBag from /opt/airflow/dags/load_space.py
[2025-07-25T07:03:32.438+0000] {processor.py:842} WARNING - No viable dags retrieved from /opt/airflow/dags/load_space.py
[2025-07-25T07:03:32.460+0000] {processor.py:183} INFO - Processing /opt/airflow/dags/load_space.py took 0.119 seconds
[2025-07-25T07:04:02.965+0000] {processor.py:161} INFO - Started process (PID=210) to work on /opt/airflow/dags/load_space.py
[2025-07-25T07:04:02.975+0000] {processor.py:830} INFO - Processing file /opt/airflow/dags/load_space.py for tasks to queue
[2025-07-25T07:04:02.983+0000] {logging_mixin.py:188} INFO - [2025-07-25T07:04:02.981+0000] {dagbag.py:538} INFO - Filling up the DagBag from /opt/airflow/dags/load_space.py
[2025-07-25T07:04:03.258+0000] {processor.py:842} WARNING - No viable dags retrieved from /opt/airflow/dags/load_space.py
[2025-07-25T07:04:03.306+0000] {processor.py:183} INFO - Processing /opt/airflow/dags/load_space.py took 0.380 seconds
[2025-07-25T07:04:33.816+0000] {processor.py:161} INFO - Started process (PID=230) to work on /opt/airflow/dags/load_space.py
[2025-07-25T07:04:33.817+0000] {processor.py:830} INFO - Processing file /opt/airflow/dags/load_space.py for tasks to queue
[2025-07-25T07:04:33.819+0000] {logging_mixin.py:188} INFO - [2025-07-25T07:04:33.818+0000] {dagbag.py:538} INFO - Filling up the DagBag from /opt/airflow/dags/load_space.py
[2025-07-25T07:04:33.910+0000] {processor.py:842} WARNING - No viable dags retrieved from /opt/airflow/dags/load_space.py
[2025-07-25T07:04:33.929+0000] {processor.py:183} INFO - Processing /opt/airflow/dags/load_space.py took 0.119 seconds
[2025-07-25T07:05:04.136+0000] {processor.py:161} INFO - Started process (PID=250) to work on /opt/airflow/dags/load_space.py
[2025-07-25T07:05:04.137+0000] {processor.py:830} INFO - Processing file /opt/airflow/dags/load_space.py for tasks to queue
[2025-07-25T07:05:04.138+0000] {logging_mixin.py:188} INFO - [2025-07-25T07:05:04.138+0000] {dagbag.py:538} INFO - Filling up the DagBag from /opt/airflow/dags/load_space.py
[2025-07-25T07:05:04.210+0000] {processor.py:842} WARNING - No viable dags retrieved from /opt/airflow/dags/load_space.py
[2025-07-25T07:05:04.231+0000] {processor.py:183} INFO - Processing /opt/airflow/dags/load_space.py took 0.099 seconds
[2025-07-25T07:05:34.435+0000] {processor.py:161} INFO - Started process (PID=270) to work on /opt/airflow/dags/load_space.py
[2025-07-25T07:05:34.437+0000] {processor.py:830} INFO - Processing file /opt/airflow/dags/load_space.py for tasks to queue
[2025-07-25T07:05:34.438+0000] {logging_mixin.py:188} INFO - [2025-07-25T07:05:34.437+0000] {dagbag.py:538} INFO - Filling up the DagBag from /opt/airflow/dags/load_space.py
[2025-07-25T07:05:34.519+0000] {processor.py:842} WARNING - No viable dags retrieved from /opt/airflow/dags/load_space.py
[2025-07-25T07:05:34.541+0000] {processor.py:183} INFO - Processing /opt/airflow/dags/load_space.py took 0.112 seconds
[2025-07-25T07:06:04.800+0000] {processor.py:161} INFO - Started process (PID=290) to work on /opt/airflow/dags/load_space.py
[2025-07-25T07:06:04.801+0000] {processor.py:830} INFO - Processing file /opt/airflow/dags/load_space.py for tasks to queue
[2025-07-25T07:06:04.803+0000] {logging_mixin.py:188} INFO - [2025-07-25T07:06:04.802+0000] {dagbag.py:538} INFO - Filling up the DagBag from /opt/airflow/dags/load_space.py
[2025-07-25T07:06:04.883+0000] {processor.py:842} WARNING - No viable dags retrieved from /opt/airflow/dags/load_space.py
[2025-07-25T07:06:04.900+0000] {processor.py:183} INFO - Processing /opt/airflow/dags/load_space.py took 0.103 seconds
[2025-07-25T07:07:04.289+0000] {processor.py:161} INFO - Started process (PID=177) to work on /opt/airflow/dags/load_space.py
[2025-07-25T07:07:04.291+0000] {processor.py:830} INFO - Processing file /opt/airflow/dags/load_space.py for tasks to queue
[2025-07-25T07:07:04.294+0000] {logging_mixin.py:188} INFO - [2025-07-25T07:07:04.293+0000] {dagbag.py:538} INFO - Filling up the DagBag from /opt/airflow/dags/load_space.py
[2025-07-25T07:07:04.418+0000] {processor.py:842} WARNING - No viable dags retrieved from /opt/airflow/dags/load_space.py
[2025-07-25T07:07:04.448+0000] {processor.py:183} INFO - Processing /opt/airflow/dags/load_space.py took 0.166 seconds
[2025-07-25T07:07:34.725+0000] {processor.py:161} INFO - Started process (PID=195) to work on /opt/airflow/dags/load_space.py
[2025-07-25T07:07:34.727+0000] {processor.py:830} INFO - Processing file /opt/airflow/dags/load_space.py for tasks to queue
[2025-07-25T07:07:34.728+0000] {logging_mixin.py:188} INFO - [2025-07-25T07:07:34.728+0000] {dagbag.py:538} INFO - Filling up the DagBag from /opt/airflow/dags/load_space.py
[2025-07-25T07:07:34.790+0000] {processor.py:842} WARNING - No viable dags retrieved from /opt/airflow/dags/load_space.py
[2025-07-25T07:07:34.804+0000] {processor.py:183} INFO - Processing /opt/airflow/dags/load_space.py took 0.082 seconds
[2025-07-25T07:08:05.147+0000] {processor.py:161} INFO - Started process (PID=217) to work on /opt/airflow/dags/load_space.py
[2025-07-25T07:08:05.149+0000] {processor.py:830} INFO - Processing file /opt/airflow/dags/load_space.py for tasks to queue
[2025-07-25T07:08:05.151+0000] {logging_mixin.py:188} INFO - [2025-07-25T07:08:05.150+0000] {dagbag.py:538} INFO - Filling up the DagBag from /opt/airflow/dags/load_space.py
[2025-07-25T07:08:05.221+0000] {processor.py:842} WARNING - No viable dags retrieved from /opt/airflow/dags/load_space.py
[2025-07-25T07:08:05.240+0000] {processor.py:183} INFO - Processing /opt/airflow/dags/load_space.py took 0.098 seconds
[2025-07-25T07:08:35.491+0000] {processor.py:161} INFO - Started process (PID=237) to work on /opt/airflow/dags/load_space.py
[2025-07-25T07:08:35.492+0000] {processor.py:830} INFO - Processing file /opt/airflow/dags/load_space.py for tasks to queue
[2025-07-25T07:08:35.493+0000] {logging_mixin.py:188} INFO - [2025-07-25T07:08:35.493+0000] {dagbag.py:538} INFO - Filling up the DagBag from /opt/airflow/dags/load_space.py
[2025-07-25T07:08:35.559+0000] {processor.py:842} WARNING - No viable dags retrieved from /opt/airflow/dags/load_space.py
[2025-07-25T07:08:35.577+0000] {processor.py:183} INFO - Processing /opt/airflow/dags/load_space.py took 0.090 seconds
[2025-07-25T07:09:07.881+0000] {processor.py:161} INFO - Started process (PID=257) to work on /opt/airflow/dags/load_space.py
[2025-07-25T07:09:07.883+0000] {processor.py:830} INFO - Processing file /opt/airflow/dags/load_space.py for tasks to queue
[2025-07-25T07:09:07.884+0000] {logging_mixin.py:188} INFO - [2025-07-25T07:09:07.884+0000] {dagbag.py:538} INFO - Filling up the DagBag from /opt/airflow/dags/load_space.py
[2025-07-25T07:09:07.955+0000] {processor.py:842} WARNING - No viable dags retrieved from /opt/airflow/dags/load_space.py
[2025-07-25T07:09:07.975+0000] {processor.py:183} INFO - Processing /opt/airflow/dags/load_space.py took 0.099 seconds
[2025-07-25T07:10:20.960+0000] {processor.py:161} INFO - Started process (PID=175) to work on /opt/airflow/dags/load_space.py
[2025-07-25T07:10:20.963+0000] {processor.py:830} INFO - Processing file /opt/airflow/dags/load_space.py for tasks to queue
[2025-07-25T07:10:20.966+0000] {logging_mixin.py:188} INFO - [2025-07-25T07:10:20.965+0000] {dagbag.py:538} INFO - Filling up the DagBag from /opt/airflow/dags/load_space.py
[2025-07-25T07:10:21.187+0000] {processor.py:842} WARNING - No viable dags retrieved from /opt/airflow/dags/load_space.py
[2025-07-25T07:10:21.219+0000] {processor.py:183} INFO - Processing /opt/airflow/dags/load_space.py took 0.267 seconds
[2025-07-25T07:10:51.613+0000] {processor.py:161} INFO - Started process (PID=190) to work on /opt/airflow/dags/load_space.py
[2025-07-25T07:10:51.615+0000] {processor.py:830} INFO - Processing file /opt/airflow/dags/load_space.py for tasks to queue
[2025-07-25T07:10:51.616+0000] {logging_mixin.py:188} INFO - [2025-07-25T07:10:51.616+0000] {dagbag.py:538} INFO - Filling up the DagBag from /opt/airflow/dags/load_space.py
[2025-07-25T07:10:51.721+0000] {processor.py:842} WARNING - No viable dags retrieved from /opt/airflow/dags/load_space.py
[2025-07-25T07:10:51.744+0000] {processor.py:183} INFO - Processing /opt/airflow/dags/load_space.py took 0.136 seconds
[2025-07-25T07:11:21.970+0000] {processor.py:161} INFO - Started process (PID=210) to work on /opt/airflow/dags/load_space.py
[2025-07-25T07:11:21.971+0000] {processor.py:830} INFO - Processing file /opt/airflow/dags/load_space.py for tasks to queue
[2025-07-25T07:11:21.972+0000] {logging_mixin.py:188} INFO - [2025-07-25T07:11:21.972+0000] {dagbag.py:538} INFO - Filling up the DagBag from /opt/airflow/dags/load_space.py
[2025-07-25T07:11:22.045+0000] {processor.py:842} WARNING - No viable dags retrieved from /opt/airflow/dags/load_space.py
[2025-07-25T07:11:22.065+0000] {processor.py:183} INFO - Processing /opt/airflow/dags/load_space.py took 0.101 seconds
[2025-07-25T07:11:52.267+0000] {processor.py:161} INFO - Started process (PID=230) to work on /opt/airflow/dags/load_space.py
[2025-07-25T07:11:52.268+0000] {processor.py:830} INFO - Processing file /opt/airflow/dags/load_space.py for tasks to queue
[2025-07-25T07:11:52.269+0000] {logging_mixin.py:188} INFO - [2025-07-25T07:11:52.269+0000] {dagbag.py:538} INFO - Filling up the DagBag from /opt/airflow/dags/load_space.py
[2025-07-25T07:11:52.349+0000] {processor.py:842} WARNING - No viable dags retrieved from /opt/airflow/dags/load_space.py
[2025-07-25T07:11:52.370+0000] {processor.py:183} INFO - Processing /opt/airflow/dags/load_space.py took 0.106 seconds
[2025-07-25T07:12:23.711+0000] {processor.py:161} INFO - Started process (PID=255) to work on /opt/airflow/dags/load_space.py
[2025-07-25T07:12:23.712+0000] {processor.py:830} INFO - Processing file /opt/airflow/dags/load_space.py for tasks to queue
[2025-07-25T07:12:23.713+0000] {logging_mixin.py:188} INFO - [2025-07-25T07:12:23.713+0000] {dagbag.py:538} INFO - Filling up the DagBag from /opt/airflow/dags/load_space.py
[2025-07-25T07:12:23.795+0000] {processor.py:842} WARNING - No viable dags retrieved from /opt/airflow/dags/load_space.py
[2025-07-25T07:12:23.814+0000] {processor.py:183} INFO - Processing /opt/airflow/dags/load_space.py took 0.107 seconds
[2025-07-25T07:12:57.286+0000] {processor.py:161} INFO - Started process (PID=275) to work on /opt/airflow/dags/load_space.py
[2025-07-25T07:12:57.287+0000] {processor.py:830} INFO - Processing file /opt/airflow/dags/load_space.py for tasks to queue
[2025-07-25T07:12:57.289+0000] {logging_mixin.py:188} INFO - [2025-07-25T07:12:57.289+0000] {dagbag.py:538} INFO - Filling up the DagBag from /opt/airflow/dags/load_space.py
[2025-07-25T07:12:57.429+0000] {processor.py:842} WARNING - No viable dags retrieved from /opt/airflow/dags/load_space.py
[2025-07-25T07:12:57.446+0000] {processor.py:183} INFO - Processing /opt/airflow/dags/load_space.py took 0.168 seconds
[2025-07-25T07:13:29.963+0000] {processor.py:161} INFO - Started process (PID=295) to work on /opt/airflow/dags/load_space.py
[2025-07-25T07:13:29.966+0000] {processor.py:830} INFO - Processing file /opt/airflow/dags/load_space.py for tasks to queue
[2025-07-25T07:13:29.970+0000] {logging_mixin.py:188} INFO - [2025-07-25T07:13:29.969+0000] {dagbag.py:538} INFO - Filling up the DagBag from /opt/airflow/dags/load_space.py
[2025-07-25T07:13:30.124+0000] {processor.py:842} WARNING - No viable dags retrieved from /opt/airflow/dags/load_space.py
[2025-07-25T07:13:30.154+0000] {processor.py:183} INFO - Processing /opt/airflow/dags/load_space.py took 0.201 seconds
[2025-07-25T07:14:02.658+0000] {processor.py:161} INFO - Started process (PID=315) to work on /opt/airflow/dags/load_space.py
[2025-07-25T07:14:02.660+0000] {processor.py:830} INFO - Processing file /opt/airflow/dags/load_space.py for tasks to queue
[2025-07-25T07:14:02.662+0000] {logging_mixin.py:188} INFO - [2025-07-25T07:14:02.662+0000] {dagbag.py:538} INFO - Filling up the DagBag from /opt/airflow/dags/load_space.py
[2025-07-25T07:14:02.828+0000] {processor.py:842} WARNING - No viable dags retrieved from /opt/airflow/dags/load_space.py
[2025-07-25T07:14:02.857+0000] {processor.py:183} INFO - Processing /opt/airflow/dags/load_space.py took 0.207 seconds
[2025-07-25T07:14:35.166+0000] {processor.py:161} INFO - Started process (PID=335) to work on /opt/airflow/dags/load_space.py
[2025-07-25T07:14:35.168+0000] {processor.py:830} INFO - Processing file /opt/airflow/dags/load_space.py for tasks to queue
[2025-07-25T07:14:35.169+0000] {logging_mixin.py:188} INFO - [2025-07-25T07:14:35.169+0000] {dagbag.py:538} INFO - Filling up the DagBag from /opt/airflow/dags/load_space.py
[2025-07-25T07:14:35.252+0000] {processor.py:842} WARNING - No viable dags retrieved from /opt/airflow/dags/load_space.py
[2025-07-25T07:14:35.270+0000] {processor.py:183} INFO - Processing /opt/airflow/dags/load_space.py took 0.108 seconds
[2025-07-25T07:15:07.538+0000] {processor.py:161} INFO - Started process (PID=355) to work on /opt/airflow/dags/load_space.py
[2025-07-25T07:15:07.539+0000] {processor.py:830} INFO - Processing file /opt/airflow/dags/load_space.py for tasks to queue
[2025-07-25T07:15:07.541+0000] {logging_mixin.py:188} INFO - [2025-07-25T07:15:07.540+0000] {dagbag.py:538} INFO - Filling up the DagBag from /opt/airflow/dags/load_space.py
[2025-07-25T07:15:07.622+0000] {processor.py:842} WARNING - No viable dags retrieved from /opt/airflow/dags/load_space.py
[2025-07-25T07:15:07.639+0000] {processor.py:183} INFO - Processing /opt/airflow/dags/load_space.py took 0.104 seconds
[2025-07-25T07:15:39.927+0000] {processor.py:161} INFO - Started process (PID=375) to work on /opt/airflow/dags/load_space.py
[2025-07-25T07:15:39.928+0000] {processor.py:830} INFO - Processing file /opt/airflow/dags/load_space.py for tasks to queue
[2025-07-25T07:15:39.930+0000] {logging_mixin.py:188} INFO - [2025-07-25T07:15:39.929+0000] {dagbag.py:538} INFO - Filling up the DagBag from /opt/airflow/dags/load_space.py
[2025-07-25T07:15:40.030+0000] {processor.py:842} WARNING - No viable dags retrieved from /opt/airflow/dags/load_space.py
[2025-07-25T07:15:40.057+0000] {processor.py:183} INFO - Processing /opt/airflow/dags/load_space.py took 0.135 seconds
