[2025-07-25T06:57:14.666+0000] {processor.py:161} INFO - Started process (PID=167) to work on /opt/airflow/dags/load_diabetes.py
[2025-07-25T06:57:14.669+0000] {processor.py:830} INFO - Processing file /opt/airflow/dags/load_diabetes.py for tasks to queue
[2025-07-25T06:57:14.671+0000] {logging_mixin.py:188} INFO - [2025-07-25T06:57:14.670+0000] {dagbag.py:538} INFO - Filling up the DagBag from /opt/airflow/dags/load_diabetes.py
[2025-07-25T06:57:14.791+0000] {processor.py:842} WARNING - No viable dags retrieved from /opt/airflow/dags/load_diabetes.py
[2025-07-25T06:57:14.818+0000] {processor.py:183} INFO - Processing /opt/airflow/dags/load_diabetes.py took 0.160 seconds
[2025-07-25T06:57:45.447+0000] {processor.py:161} INFO - Started process (PID=187) to work on /opt/airflow/dags/load_diabetes.py
[2025-07-25T06:57:45.451+0000] {processor.py:830} INFO - Processing file /opt/airflow/dags/load_diabetes.py for tasks to queue
[2025-07-25T06:57:45.455+0000] {logging_mixin.py:188} INFO - [2025-07-25T06:57:45.454+0000] {dagbag.py:538} INFO - Filling up the DagBag from /opt/airflow/dags/load_diabetes.py
[2025-07-25T06:57:45.846+0000] {processor.py:842} WARNING - No viable dags retrieved from /opt/airflow/dags/load_diabetes.py
[2025-07-25T06:57:45.908+0000] {processor.py:183} INFO - Processing /opt/airflow/dags/load_diabetes.py took 0.482 seconds
[2025-07-25T06:58:16.686+0000] {processor.py:161} INFO - Started process (PID=207) to work on /opt/airflow/dags/load_diabetes.py
[2025-07-25T06:58:16.688+0000] {processor.py:830} INFO - Processing file /opt/airflow/dags/load_diabetes.py for tasks to queue
[2025-07-25T06:58:16.689+0000] {logging_mixin.py:188} INFO - [2025-07-25T06:58:16.689+0000] {dagbag.py:538} INFO - Filling up the DagBag from /opt/airflow/dags/load_diabetes.py
[2025-07-25T06:58:16.783+0000] {processor.py:842} WARNING - No viable dags retrieved from /opt/airflow/dags/load_diabetes.py
[2025-07-25T06:58:16.806+0000] {processor.py:183} INFO - Processing /opt/airflow/dags/load_diabetes.py took 0.126 seconds
[2025-07-25T06:58:47.400+0000] {processor.py:161} INFO - Started process (PID=227) to work on /opt/airflow/dags/load_diabetes.py
[2025-07-25T06:58:47.402+0000] {processor.py:830} INFO - Processing file /opt/airflow/dags/load_diabetes.py for tasks to queue
[2025-07-25T06:58:47.404+0000] {logging_mixin.py:188} INFO - [2025-07-25T06:58:47.403+0000] {dagbag.py:538} INFO - Filling up the DagBag from /opt/airflow/dags/load_diabetes.py
[2025-07-25T06:58:47.489+0000] {processor.py:842} WARNING - No viable dags retrieved from /opt/airflow/dags/load_diabetes.py
[2025-07-25T06:58:47.511+0000] {processor.py:183} INFO - Processing /opt/airflow/dags/load_diabetes.py took 0.118 seconds
[2025-07-25T06:59:18.168+0000] {processor.py:161} INFO - Started process (PID=247) to work on /opt/airflow/dags/load_diabetes.py
[2025-07-25T06:59:18.171+0000] {processor.py:830} INFO - Processing file /opt/airflow/dags/load_diabetes.py for tasks to queue
[2025-07-25T06:59:18.173+0000] {logging_mixin.py:188} INFO - [2025-07-25T06:59:18.172+0000] {dagbag.py:538} INFO - Filling up the DagBag from /opt/airflow/dags/load_diabetes.py
[2025-07-25T06:59:18.274+0000] {processor.py:842} WARNING - No viable dags retrieved from /opt/airflow/dags/load_diabetes.py
[2025-07-25T06:59:18.314+0000] {processor.py:183} INFO - Processing /opt/airflow/dags/load_diabetes.py took 0.155 seconds
[2025-07-25T06:59:48.934+0000] {processor.py:161} INFO - Started process (PID=267) to work on /opt/airflow/dags/load_diabetes.py
[2025-07-25T06:59:48.936+0000] {processor.py:830} INFO - Processing file /opt/airflow/dags/load_diabetes.py for tasks to queue
[2025-07-25T06:59:48.938+0000] {logging_mixin.py:188} INFO - [2025-07-25T06:59:48.937+0000] {dagbag.py:538} INFO - Filling up the DagBag from /opt/airflow/dags/load_diabetes.py
[2025-07-25T06:59:49.034+0000] {processor.py:842} WARNING - No viable dags retrieved from /opt/airflow/dags/load_diabetes.py
[2025-07-25T06:59:49.065+0000] {processor.py:183} INFO - Processing /opt/airflow/dags/load_diabetes.py took 0.138 seconds
[2025-07-25T07:00:19.636+0000] {processor.py:161} INFO - Started process (PID=287) to work on /opt/airflow/dags/load_diabetes.py
[2025-07-25T07:00:19.637+0000] {processor.py:830} INFO - Processing file /opt/airflow/dags/load_diabetes.py for tasks to queue
[2025-07-25T07:00:19.639+0000] {logging_mixin.py:188} INFO - [2025-07-25T07:00:19.638+0000] {dagbag.py:538} INFO - Filling up the DagBag from /opt/airflow/dags/load_diabetes.py
[2025-07-25T07:00:19.718+0000] {processor.py:842} WARNING - No viable dags retrieved from /opt/airflow/dags/load_diabetes.py
[2025-07-25T07:00:19.743+0000] {processor.py:183} INFO - Processing /opt/airflow/dags/load_diabetes.py took 0.119 seconds
[2025-07-25T07:00:50.600+0000] {processor.py:161} INFO - Started process (PID=307) to work on /opt/airflow/dags/load_diabetes.py
[2025-07-25T07:00:50.603+0000] {processor.py:830} INFO - Processing file /opt/airflow/dags/load_diabetes.py for tasks to queue
[2025-07-25T07:00:50.604+0000] {logging_mixin.py:188} INFO - [2025-07-25T07:00:50.603+0000] {dagbag.py:538} INFO - Filling up the DagBag from /opt/airflow/dags/load_diabetes.py
[2025-07-25T07:00:50.679+0000] {processor.py:842} WARNING - No viable dags retrieved from /opt/airflow/dags/load_diabetes.py
[2025-07-25T07:00:50.742+0000] {processor.py:183} INFO - Processing /opt/airflow/dags/load_diabetes.py took 0.146 seconds
[2025-07-25T07:01:21.008+0000] {processor.py:161} INFO - Started process (PID=327) to work on /opt/airflow/dags/load_diabetes.py
[2025-07-25T07:01:21.010+0000] {processor.py:830} INFO - Processing file /opt/airflow/dags/load_diabetes.py for tasks to queue
[2025-07-25T07:01:21.012+0000] {logging_mixin.py:188} INFO - [2025-07-25T07:01:21.011+0000] {dagbag.py:538} INFO - Filling up the DagBag from /opt/airflow/dags/load_diabetes.py
[2025-07-25T07:01:21.100+0000] {processor.py:842} WARNING - No viable dags retrieved from /opt/airflow/dags/load_diabetes.py
[2025-07-25T07:01:21.125+0000] {processor.py:183} INFO - Processing /opt/airflow/dags/load_diabetes.py took 0.122 seconds
[2025-07-25T07:01:51.747+0000] {processor.py:161} INFO - Started process (PID=347) to work on /opt/airflow/dags/load_diabetes.py
[2025-07-25T07:01:51.749+0000] {processor.py:830} INFO - Processing file /opt/airflow/dags/load_diabetes.py for tasks to queue
[2025-07-25T07:01:51.750+0000] {logging_mixin.py:188} INFO - [2025-07-25T07:01:51.750+0000] {dagbag.py:538} INFO - Filling up the DagBag from /opt/airflow/dags/load_diabetes.py
[2025-07-25T07:01:51.828+0000] {processor.py:842} WARNING - No viable dags retrieved from /opt/airflow/dags/load_diabetes.py
[2025-07-25T07:01:51.848+0000] {processor.py:183} INFO - Processing /opt/airflow/dags/load_diabetes.py took 0.107 seconds
[2025-07-25T07:03:01.409+0000] {processor.py:161} INFO - Started process (PID=167) to work on /opt/airflow/dags/load_diabetes.py
[2025-07-25T07:03:01.413+0000] {processor.py:830} INFO - Processing file /opt/airflow/dags/load_diabetes.py for tasks to queue
[2025-07-25T07:03:01.415+0000] {logging_mixin.py:188} INFO - [2025-07-25T07:03:01.414+0000] {dagbag.py:538} INFO - Filling up the DagBag from /opt/airflow/dags/load_diabetes.py
[2025-07-25T07:03:01.700+0000] {processor.py:842} WARNING - No viable dags retrieved from /opt/airflow/dags/load_diabetes.py
[2025-07-25T07:03:01.748+0000] {processor.py:183} INFO - Processing /opt/airflow/dags/load_diabetes.py took 0.352 seconds
[2025-07-25T07:03:32.334+0000] {processor.py:161} INFO - Started process (PID=187) to work on /opt/airflow/dags/load_diabetes.py
[2025-07-25T07:03:32.335+0000] {processor.py:830} INFO - Processing file /opt/airflow/dags/load_diabetes.py for tasks to queue
[2025-07-25T07:03:32.337+0000] {logging_mixin.py:188} INFO - [2025-07-25T07:03:32.336+0000] {dagbag.py:538} INFO - Filling up the DagBag from /opt/airflow/dags/load_diabetes.py
[2025-07-25T07:03:32.425+0000] {processor.py:842} WARNING - No viable dags retrieved from /opt/airflow/dags/load_diabetes.py
[2025-07-25T07:03:32.450+0000] {processor.py:183} INFO - Processing /opt/airflow/dags/load_diabetes.py took 0.124 seconds
[2025-07-25T07:04:02.911+0000] {processor.py:161} INFO - Started process (PID=207) to work on /opt/airflow/dags/load_diabetes.py
[2025-07-25T07:04:02.927+0000] {processor.py:830} INFO - Processing file /opt/airflow/dags/load_diabetes.py for tasks to queue
[2025-07-25T07:04:02.935+0000] {logging_mixin.py:188} INFO - [2025-07-25T07:04:02.933+0000] {dagbag.py:538} INFO - Filling up the DagBag from /opt/airflow/dags/load_diabetes.py
[2025-07-25T07:04:03.248+0000] {processor.py:842} WARNING - No viable dags retrieved from /opt/airflow/dags/load_diabetes.py
[2025-07-25T07:04:03.306+0000] {processor.py:183} INFO - Processing /opt/airflow/dags/load_diabetes.py took 0.436 seconds
[2025-07-25T07:04:33.802+0000] {processor.py:161} INFO - Started process (PID=227) to work on /opt/airflow/dags/load_diabetes.py
[2025-07-25T07:04:33.804+0000] {processor.py:830} INFO - Processing file /opt/airflow/dags/load_diabetes.py for tasks to queue
[2025-07-25T07:04:33.805+0000] {logging_mixin.py:188} INFO - [2025-07-25T07:04:33.805+0000] {dagbag.py:538} INFO - Filling up the DagBag from /opt/airflow/dags/load_diabetes.py
[2025-07-25T07:04:33.897+0000] {processor.py:842} WARNING - No viable dags retrieved from /opt/airflow/dags/load_diabetes.py
[2025-07-25T07:04:33.920+0000] {processor.py:183} INFO - Processing /opt/airflow/dags/load_diabetes.py took 0.123 seconds
[2025-07-25T07:05:04.130+0000] {processor.py:161} INFO - Started process (PID=247) to work on /opt/airflow/dags/load_diabetes.py
[2025-07-25T07:05:04.131+0000] {processor.py:830} INFO - Processing file /opt/airflow/dags/load_diabetes.py for tasks to queue
[2025-07-25T07:05:04.132+0000] {logging_mixin.py:188} INFO - [2025-07-25T07:05:04.132+0000] {dagbag.py:538} INFO - Filling up the DagBag from /opt/airflow/dags/load_diabetes.py
[2025-07-25T07:05:04.204+0000] {processor.py:842} WARNING - No viable dags retrieved from /opt/airflow/dags/load_diabetes.py
[2025-07-25T07:05:04.225+0000] {processor.py:183} INFO - Processing /opt/airflow/dags/load_diabetes.py took 0.099 seconds
[2025-07-25T07:05:34.429+0000] {processor.py:161} INFO - Started process (PID=267) to work on /opt/airflow/dags/load_diabetes.py
[2025-07-25T07:05:34.432+0000] {processor.py:830} INFO - Processing file /opt/airflow/dags/load_diabetes.py for tasks to queue
[2025-07-25T07:05:34.434+0000] {logging_mixin.py:188} INFO - [2025-07-25T07:05:34.433+0000] {dagbag.py:538} INFO - Filling up the DagBag from /opt/airflow/dags/load_diabetes.py
[2025-07-25T07:05:34.519+0000] {processor.py:842} WARNING - No viable dags retrieved from /opt/airflow/dags/load_diabetes.py
[2025-07-25T07:05:34.541+0000] {processor.py:183} INFO - Processing /opt/airflow/dags/load_diabetes.py took 0.116 seconds
[2025-07-25T07:06:04.792+0000] {processor.py:161} INFO - Started process (PID=287) to work on /opt/airflow/dags/load_diabetes.py
[2025-07-25T07:06:04.793+0000] {processor.py:830} INFO - Processing file /opt/airflow/dags/load_diabetes.py for tasks to queue
[2025-07-25T07:06:04.795+0000] {logging_mixin.py:188} INFO - [2025-07-25T07:06:04.794+0000] {dagbag.py:538} INFO - Filling up the DagBag from /opt/airflow/dags/load_diabetes.py
[2025-07-25T07:06:04.879+0000] {processor.py:842} WARNING - No viable dags retrieved from /opt/airflow/dags/load_diabetes.py
[2025-07-25T07:06:04.899+0000] {processor.py:183} INFO - Processing /opt/airflow/dags/load_diabetes.py took 0.112 seconds
[2025-07-25T07:07:04.028+0000] {processor.py:161} INFO - Started process (PID=170) to work on /opt/airflow/dags/load_diabetes.py
[2025-07-25T07:07:04.031+0000] {processor.py:830} INFO - Processing file /opt/airflow/dags/load_diabetes.py for tasks to queue
[2025-07-25T07:07:04.033+0000] {logging_mixin.py:188} INFO - [2025-07-25T07:07:04.032+0000] {dagbag.py:538} INFO - Filling up the DagBag from /opt/airflow/dags/load_diabetes.py
[2025-07-25T07:07:04.176+0000] {processor.py:842} WARNING - No viable dags retrieved from /opt/airflow/dags/load_diabetes.py
[2025-07-25T07:07:04.213+0000] {processor.py:183} INFO - Processing /opt/airflow/dags/load_diabetes.py took 0.193 seconds
[2025-07-25T07:07:34.578+0000] {processor.py:161} INFO - Started process (PID=190) to work on /opt/airflow/dags/load_diabetes.py
[2025-07-25T07:07:34.580+0000] {processor.py:830} INFO - Processing file /opt/airflow/dags/load_diabetes.py for tasks to queue
[2025-07-25T07:07:34.582+0000] {logging_mixin.py:188} INFO - [2025-07-25T07:07:34.581+0000] {dagbag.py:538} INFO - Filling up the DagBag from /opt/airflow/dags/load_diabetes.py
[2025-07-25T07:07:34.660+0000] {processor.py:842} WARNING - No viable dags retrieved from /opt/airflow/dags/load_diabetes.py
[2025-07-25T07:07:34.683+0000] {processor.py:183} INFO - Processing /opt/airflow/dags/load_diabetes.py took 0.111 seconds
[2025-07-25T07:08:04.892+0000] {processor.py:161} INFO - Started process (PID=210) to work on /opt/airflow/dags/load_diabetes.py
[2025-07-25T07:08:04.894+0000] {processor.py:830} INFO - Processing file /opt/airflow/dags/load_diabetes.py for tasks to queue
[2025-07-25T07:08:04.895+0000] {logging_mixin.py:188} INFO - [2025-07-25T07:08:04.895+0000] {dagbag.py:538} INFO - Filling up the DagBag from /opt/airflow/dags/load_diabetes.py
[2025-07-25T07:08:05.074+0000] {processor.py:842} WARNING - No viable dags retrieved from /opt/airflow/dags/load_diabetes.py
[2025-07-25T07:08:05.101+0000] {processor.py:183} INFO - Processing /opt/airflow/dags/load_diabetes.py took 0.216 seconds
[2025-07-25T07:08:35.352+0000] {processor.py:161} INFO - Started process (PID=230) to work on /opt/airflow/dags/load_diabetes.py
[2025-07-25T07:08:35.354+0000] {processor.py:830} INFO - Processing file /opt/airflow/dags/load_diabetes.py for tasks to queue
[2025-07-25T07:08:35.355+0000] {logging_mixin.py:188} INFO - [2025-07-25T07:08:35.355+0000] {dagbag.py:538} INFO - Filling up the DagBag from /opt/airflow/dags/load_diabetes.py
[2025-07-25T07:08:35.428+0000] {processor.py:842} WARNING - No viable dags retrieved from /opt/airflow/dags/load_diabetes.py
[2025-07-25T07:08:35.448+0000] {processor.py:183} INFO - Processing /opt/airflow/dags/load_diabetes.py took 0.099 seconds
[2025-07-25T07:09:07.714+0000] {processor.py:161} INFO - Started process (PID=250) to work on /opt/airflow/dags/load_diabetes.py
[2025-07-25T07:09:07.716+0000] {processor.py:830} INFO - Processing file /opt/airflow/dags/load_diabetes.py for tasks to queue
[2025-07-25T07:09:07.718+0000] {logging_mixin.py:188} INFO - [2025-07-25T07:09:07.717+0000] {dagbag.py:538} INFO - Filling up the DagBag from /opt/airflow/dags/load_diabetes.py
[2025-07-25T07:09:07.806+0000] {processor.py:842} WARNING - No viable dags retrieved from /opt/airflow/dags/load_diabetes.py
[2025-07-25T07:09:07.831+0000] {processor.py:183} INFO - Processing /opt/airflow/dags/load_diabetes.py took 0.123 seconds
[2025-07-25T07:10:20.449+0000] {processor.py:161} INFO - Started process (PID=170) to work on /opt/airflow/dags/load_diabetes.py
[2025-07-25T07:10:20.452+0000] {processor.py:830} INFO - Processing file /opt/airflow/dags/load_diabetes.py for tasks to queue
[2025-07-25T07:10:20.454+0000] {logging_mixin.py:188} INFO - [2025-07-25T07:10:20.453+0000] {dagbag.py:538} INFO - Filling up the DagBag from /opt/airflow/dags/load_diabetes.py
[2025-07-25T07:10:20.718+0000] {processor.py:842} WARNING - No viable dags retrieved from /opt/airflow/dags/load_diabetes.py
[2025-07-25T07:10:20.855+0000] {processor.py:183} INFO - Processing /opt/airflow/dags/load_diabetes.py took 0.419 seconds
[2025-07-25T07:10:51.610+0000] {processor.py:161} INFO - Started process (PID=187) to work on /opt/airflow/dags/load_diabetes.py
[2025-07-25T07:10:51.613+0000] {processor.py:830} INFO - Processing file /opt/airflow/dags/load_diabetes.py for tasks to queue
[2025-07-25T07:10:51.615+0000] {logging_mixin.py:188} INFO - [2025-07-25T07:10:51.614+0000] {dagbag.py:538} INFO - Filling up the DagBag from /opt/airflow/dags/load_diabetes.py
[2025-07-25T07:10:51.721+0000] {processor.py:842} WARNING - No viable dags retrieved from /opt/airflow/dags/load_diabetes.py
[2025-07-25T07:10:51.744+0000] {processor.py:183} INFO - Processing /opt/airflow/dags/load_diabetes.py took 0.143 seconds
[2025-07-25T07:11:21.959+0000] {processor.py:161} INFO - Started process (PID=207) to work on /opt/airflow/dags/load_diabetes.py
[2025-07-25T07:11:21.960+0000] {processor.py:830} INFO - Processing file /opt/airflow/dags/load_diabetes.py for tasks to queue
[2025-07-25T07:11:21.962+0000] {logging_mixin.py:188} INFO - [2025-07-25T07:11:21.961+0000] {dagbag.py:538} INFO - Filling up the DagBag from /opt/airflow/dags/load_diabetes.py
[2025-07-25T07:11:22.033+0000] {processor.py:842} WARNING - No viable dags retrieved from /opt/airflow/dags/load_diabetes.py
[2025-07-25T07:11:22.056+0000] {processor.py:183} INFO - Processing /opt/airflow/dags/load_diabetes.py took 0.102 seconds
[2025-07-25T07:11:52.261+0000] {processor.py:161} INFO - Started process (PID=227) to work on /opt/airflow/dags/load_diabetes.py
[2025-07-25T07:11:52.262+0000] {processor.py:830} INFO - Processing file /opt/airflow/dags/load_diabetes.py for tasks to queue
[2025-07-25T07:11:52.264+0000] {logging_mixin.py:188} INFO - [2025-07-25T07:11:52.263+0000] {dagbag.py:538} INFO - Filling up the DagBag from /opt/airflow/dags/load_diabetes.py
[2025-07-25T07:11:52.340+0000] {processor.py:842} WARNING - No viable dags retrieved from /opt/airflow/dags/load_diabetes.py
[2025-07-25T07:11:52.361+0000] {processor.py:183} INFO - Processing /opt/airflow/dags/load_diabetes.py took 0.104 seconds
[2025-07-25T07:12:23.570+0000] {processor.py:161} INFO - Started process (PID=250) to work on /opt/airflow/dags/load_diabetes.py
[2025-07-25T07:12:23.572+0000] {processor.py:830} INFO - Processing file /opt/airflow/dags/load_diabetes.py for tasks to queue
[2025-07-25T07:12:23.573+0000] {logging_mixin.py:188} INFO - [2025-07-25T07:12:23.573+0000] {dagbag.py:538} INFO - Filling up the DagBag from /opt/airflow/dags/load_diabetes.py
[2025-07-25T07:12:23.646+0000] {processor.py:842} WARNING - No viable dags retrieved from /opt/airflow/dags/load_diabetes.py
[2025-07-25T07:12:23.668+0000] {processor.py:183} INFO - Processing /opt/airflow/dags/load_diabetes.py took 0.104 seconds
[2025-07-25T07:12:56.973+0000] {processor.py:161} INFO - Started process (PID=270) to work on /opt/airflow/dags/load_diabetes.py
[2025-07-25T07:12:56.975+0000] {processor.py:830} INFO - Processing file /opt/airflow/dags/load_diabetes.py for tasks to queue
[2025-07-25T07:12:56.977+0000] {logging_mixin.py:188} INFO - [2025-07-25T07:12:56.977+0000] {dagbag.py:538} INFO - Filling up the DagBag from /opt/airflow/dags/load_diabetes.py
[2025-07-25T07:12:57.081+0000] {processor.py:842} WARNING - No viable dags retrieved from /opt/airflow/dags/load_diabetes.py
[2025-07-25T07:12:57.120+0000] {processor.py:183} INFO - Processing /opt/airflow/dags/load_diabetes.py took 0.152 seconds
[2025-07-25T07:13:29.643+0000] {processor.py:161} INFO - Started process (PID=290) to work on /opt/airflow/dags/load_diabetes.py
[2025-07-25T07:13:29.646+0000] {processor.py:830} INFO - Processing file /opt/airflow/dags/load_diabetes.py for tasks to queue
[2025-07-25T07:13:29.649+0000] {logging_mixin.py:188} INFO - [2025-07-25T07:13:29.648+0000] {dagbag.py:538} INFO - Filling up the DagBag from /opt/airflow/dags/load_diabetes.py
[2025-07-25T07:13:29.827+0000] {processor.py:842} WARNING - No viable dags retrieved from /opt/airflow/dags/load_diabetes.py
[2025-07-25T07:13:29.872+0000] {processor.py:183} INFO - Processing /opt/airflow/dags/load_diabetes.py took 0.239 seconds
[2025-07-25T07:14:02.392+0000] {processor.py:161} INFO - Started process (PID=310) to work on /opt/airflow/dags/load_diabetes.py
[2025-07-25T07:14:02.395+0000] {processor.py:830} INFO - Processing file /opt/airflow/dags/load_diabetes.py for tasks to queue
[2025-07-25T07:14:02.398+0000] {logging_mixin.py:188} INFO - [2025-07-25T07:14:02.397+0000] {dagbag.py:538} INFO - Filling up the DagBag from /opt/airflow/dags/load_diabetes.py
[2025-07-25T07:14:02.552+0000] {processor.py:842} WARNING - No viable dags retrieved from /opt/airflow/dags/load_diabetes.py
[2025-07-25T07:14:02.588+0000] {processor.py:183} INFO - Processing /opt/airflow/dags/load_diabetes.py took 0.205 seconds
[2025-07-25T07:14:35.007+0000] {processor.py:161} INFO - Started process (PID=330) to work on /opt/airflow/dags/load_diabetes.py
[2025-07-25T07:14:35.009+0000] {processor.py:830} INFO - Processing file /opt/airflow/dags/load_diabetes.py for tasks to queue
[2025-07-25T07:14:35.010+0000] {logging_mixin.py:188} INFO - [2025-07-25T07:14:35.010+0000] {dagbag.py:538} INFO - Filling up the DagBag from /opt/airflow/dags/load_diabetes.py
[2025-07-25T07:14:35.103+0000] {processor.py:842} WARNING - No viable dags retrieved from /opt/airflow/dags/load_diabetes.py
[2025-07-25T07:14:35.124+0000] {processor.py:183} INFO - Processing /opt/airflow/dags/load_diabetes.py took 0.124 seconds
[2025-07-25T07:15:07.384+0000] {processor.py:161} INFO - Started process (PID=350) to work on /opt/airflow/dags/load_diabetes.py
[2025-07-25T07:15:07.386+0000] {processor.py:830} INFO - Processing file /opt/airflow/dags/load_diabetes.py for tasks to queue
[2025-07-25T07:15:07.388+0000] {logging_mixin.py:188} INFO - [2025-07-25T07:15:07.388+0000] {dagbag.py:538} INFO - Filling up the DagBag from /opt/airflow/dags/load_diabetes.py
[2025-07-25T07:15:07.471+0000] {processor.py:842} WARNING - No viable dags retrieved from /opt/airflow/dags/load_diabetes.py
[2025-07-25T07:15:07.494+0000] {processor.py:183} INFO - Processing /opt/airflow/dags/load_diabetes.py took 0.116 seconds
[2025-07-25T07:15:35.136+0000] {processor.py:161} INFO - Started process (PID=367) to work on /opt/airflow/dags/load_diabetes.py
[2025-07-25T07:15:35.137+0000] {processor.py:830} INFO - Processing file /opt/airflow/dags/load_diabetes.py for tasks to queue
[2025-07-25T07:15:35.139+0000] {logging_mixin.py:188} INFO - [2025-07-25T07:15:35.138+0000] {dagbag.py:538} INFO - Filling up the DagBag from /opt/airflow/dags/load_diabetes.py
[2025-07-25T07:15:35.236+0000] {processor.py:842} WARNING - No viable dags retrieved from /opt/airflow/dags/load_diabetes.py
[2025-07-25T07:15:35.256+0000] {processor.py:183} INFO - Processing /opt/airflow/dags/load_diabetes.py took 0.125 seconds
[2025-07-25T07:16:05.661+0000] {processor.py:161} INFO - Started process (PID=392) to work on /opt/airflow/dags/load_diabetes.py
[2025-07-25T07:16:05.680+0000] {processor.py:830} INFO - Processing file /opt/airflow/dags/load_diabetes.py for tasks to queue
[2025-07-25T07:16:05.691+0000] {logging_mixin.py:188} INFO - [2025-07-25T07:16:05.687+0000] {dagbag.py:538} INFO - Filling up the DagBag from /opt/airflow/dags/load_diabetes.py
[2025-07-25T07:16:06.129+0000] {processor.py:842} WARNING - No viable dags retrieved from /opt/airflow/dags/load_diabetes.py
[2025-07-25T07:16:06.295+0000] {processor.py:183} INFO - Processing /opt/airflow/dags/load_diabetes.py took 0.684 seconds
