[2025-07-25T03:48:39.195+0000] {processor.py:161} INFO - Started process (PID=243) to work on /opt/airflow/dags/main_pipeline.py
[2025-07-25T03:48:39.212+0000] {processor.py:830} INFO - Processing file /opt/airflow/dags/main_pipeline.py for tasks to queue
[2025-07-25T03:48:39.222+0000] {logging_mixin.py:188} INFO - [2025-07-25T03:48:39.219+0000] {dagbag.py:538} INFO - Filling up the DagBag from /opt/airflow/dags/main_pipeline.py
[2025-07-25T03:48:40.016+0000] {processor.py:840} INFO - DAG(s) 'etl_pipeline' retrieved from /opt/airflow/dags/main_pipeline.py
[2025-07-25T03:48:40.392+0000] {logging_mixin.py:188} INFO - [2025-07-25T03:48:40.392+0000] {dag.py:3036} INFO - Sync 1 DAGs
[2025-07-25T03:48:40.654+0000] {processor.py:183} INFO - Processing /opt/airflow/dags/main_pipeline.py took 1.510 seconds
[2025-07-25T03:49:11.794+0000] {processor.py:161} INFO - Started process (PID=289) to work on /opt/airflow/dags/main_pipeline.py
[2025-07-25T03:49:11.798+0000] {processor.py:830} INFO - Processing file /opt/airflow/dags/main_pipeline.py for tasks to queue
[2025-07-25T03:49:11.801+0000] {logging_mixin.py:188} INFO - [2025-07-25T03:49:11.800+0000] {dagbag.py:538} INFO - Filling up the DagBag from /opt/airflow/dags/main_pipeline.py
[2025-07-25T03:49:12.031+0000] {processor.py:840} INFO - DAG(s) 'etl_pipeline' retrieved from /opt/airflow/dags/main_pipeline.py
[2025-07-25T03:49:12.061+0000] {logging_mixin.py:188} INFO - [2025-07-25T03:49:12.060+0000] {dag.py:3036} INFO - Sync 1 DAGs
[2025-07-25T03:49:12.131+0000] {logging_mixin.py:188} INFO - [2025-07-25T03:49:12.130+0000] {dag.py:3823} INFO - Setting next_dagrun for etl_pipeline to 2025-07-25 00:00:00+00:00, run_after=2025-07-26 00:00:00+00:00
[2025-07-25T03:49:12.183+0000] {processor.py:183} INFO - Processing /opt/airflow/dags/main_pipeline.py took 0.404 seconds
[2025-07-25T03:49:42.723+0000] {processor.py:161} INFO - Started process (PID=294) to work on /opt/airflow/dags/main_pipeline.py
[2025-07-25T03:49:42.724+0000] {processor.py:830} INFO - Processing file /opt/airflow/dags/main_pipeline.py for tasks to queue
[2025-07-25T03:49:42.726+0000] {logging_mixin.py:188} INFO - [2025-07-25T03:49:42.725+0000] {dagbag.py:538} INFO - Filling up the DagBag from /opt/airflow/dags/main_pipeline.py
[2025-07-25T03:49:42.822+0000] {processor.py:840} INFO - DAG(s) 'etl_pipeline' retrieved from /opt/airflow/dags/main_pipeline.py
[2025-07-25T03:49:42.988+0000] {logging_mixin.py:188} INFO - [2025-07-25T03:49:42.988+0000] {dag.py:3036} INFO - Sync 1 DAGs
[2025-07-25T03:49:43.012+0000] {logging_mixin.py:188} INFO - [2025-07-25T03:49:43.012+0000] {dag.py:3823} INFO - Setting next_dagrun for etl_pipeline to 2025-07-25 00:00:00+00:00, run_after=2025-07-26 00:00:00+00:00
[2025-07-25T03:49:43.036+0000] {processor.py:183} INFO - Processing /opt/airflow/dags/main_pipeline.py took 0.318 seconds
[2025-07-25T03:50:13.714+0000] {processor.py:161} INFO - Started process (PID=299) to work on /opt/airflow/dags/main_pipeline.py
[2025-07-25T03:50:13.721+0000] {processor.py:830} INFO - Processing file /opt/airflow/dags/main_pipeline.py for tasks to queue
[2025-07-25T03:50:13.723+0000] {logging_mixin.py:188} INFO - [2025-07-25T03:50:13.723+0000] {dagbag.py:538} INFO - Filling up the DagBag from /opt/airflow/dags/main_pipeline.py
[2025-07-25T03:50:14.294+0000] {processor.py:840} INFO - DAG(s) 'etl_pipeline' retrieved from /opt/airflow/dags/main_pipeline.py
[2025-07-25T03:50:14.469+0000] {logging_mixin.py:188} INFO - [2025-07-25T03:50:14.468+0000] {dag.py:3036} INFO - Sync 1 DAGs
[2025-07-25T03:50:14.580+0000] {logging_mixin.py:188} INFO - [2025-07-25T03:50:14.580+0000] {dag.py:3823} INFO - Setting next_dagrun for etl_pipeline to 2025-07-25 00:00:00+00:00, run_after=2025-07-26 00:00:00+00:00
[2025-07-25T03:50:14.641+0000] {processor.py:183} INFO - Processing /opt/airflow/dags/main_pipeline.py took 0.935 seconds
[2025-07-25T03:50:45.052+0000] {processor.py:161} INFO - Started process (PID=304) to work on /opt/airflow/dags/main_pipeline.py
[2025-07-25T03:50:45.054+0000] {processor.py:830} INFO - Processing file /opt/airflow/dags/main_pipeline.py for tasks to queue
[2025-07-25T03:50:45.056+0000] {logging_mixin.py:188} INFO - [2025-07-25T03:50:45.055+0000] {dagbag.py:538} INFO - Filling up the DagBag from /opt/airflow/dags/main_pipeline.py
[2025-07-25T03:50:45.177+0000] {processor.py:840} INFO - DAG(s) 'etl_pipeline' retrieved from /opt/airflow/dags/main_pipeline.py
[2025-07-25T03:50:45.221+0000] {logging_mixin.py:188} INFO - [2025-07-25T03:50:45.221+0000] {dag.py:3036} INFO - Sync 1 DAGs
[2025-07-25T03:50:45.258+0000] {logging_mixin.py:188} INFO - [2025-07-25T03:50:45.258+0000] {dag.py:3823} INFO - Setting next_dagrun for etl_pipeline to 2025-07-25 00:00:00+00:00, run_after=2025-07-26 00:00:00+00:00
[2025-07-25T03:50:45.290+0000] {processor.py:183} INFO - Processing /opt/airflow/dags/main_pipeline.py took 0.243 seconds
[2025-07-25T03:51:16.312+0000] {processor.py:161} INFO - Started process (PID=309) to work on /opt/airflow/dags/main_pipeline.py
[2025-07-25T03:51:16.317+0000] {processor.py:830} INFO - Processing file /opt/airflow/dags/main_pipeline.py for tasks to queue
[2025-07-25T03:51:16.321+0000] {logging_mixin.py:188} INFO - [2025-07-25T03:51:16.320+0000] {dagbag.py:538} INFO - Filling up the DagBag from /opt/airflow/dags/main_pipeline.py
[2025-07-25T03:51:16.636+0000] {processor.py:840} INFO - DAG(s) 'etl_pipeline' retrieved from /opt/airflow/dags/main_pipeline.py
[2025-07-25T03:51:16.736+0000] {logging_mixin.py:188} INFO - [2025-07-25T03:51:16.736+0000] {dag.py:3036} INFO - Sync 1 DAGs
[2025-07-25T03:51:16.797+0000] {logging_mixin.py:188} INFO - [2025-07-25T03:51:16.796+0000] {dag.py:3823} INFO - Setting next_dagrun for etl_pipeline to 2025-07-25 00:00:00+00:00, run_after=2025-07-26 00:00:00+00:00
[2025-07-25T03:51:16.862+0000] {processor.py:183} INFO - Processing /opt/airflow/dags/main_pipeline.py took 0.580 seconds
[2025-07-25T03:51:49.282+0000] {processor.py:161} INFO - Started process (PID=314) to work on /opt/airflow/dags/main_pipeline.py
[2025-07-25T03:51:49.289+0000] {processor.py:830} INFO - Processing file /opt/airflow/dags/main_pipeline.py for tasks to queue
[2025-07-25T03:51:49.293+0000] {logging_mixin.py:188} INFO - [2025-07-25T03:51:49.291+0000] {dagbag.py:538} INFO - Filling up the DagBag from /opt/airflow/dags/main_pipeline.py
[2025-07-25T03:51:49.546+0000] {processor.py:840} INFO - DAG(s) 'etl_pipeline' retrieved from /opt/airflow/dags/main_pipeline.py
[2025-07-25T03:51:49.637+0000] {logging_mixin.py:188} INFO - [2025-07-25T03:51:49.636+0000] {dag.py:3036} INFO - Sync 1 DAGs
[2025-07-25T03:51:49.731+0000] {logging_mixin.py:188} INFO - [2025-07-25T03:51:49.730+0000] {dag.py:3823} INFO - Setting next_dagrun for etl_pipeline to 2025-07-25 00:00:00+00:00, run_after=2025-07-26 00:00:00+00:00
[2025-07-25T03:51:49.780+0000] {processor.py:183} INFO - Processing /opt/airflow/dags/main_pipeline.py took 0.526 seconds
[2025-07-25T03:52:21.767+0000] {processor.py:161} INFO - Started process (PID=319) to work on /opt/airflow/dags/main_pipeline.py
[2025-07-25T03:52:21.769+0000] {processor.py:830} INFO - Processing file /opt/airflow/dags/main_pipeline.py for tasks to queue
[2025-07-25T03:52:21.770+0000] {logging_mixin.py:188} INFO - [2025-07-25T03:52:21.770+0000] {dagbag.py:538} INFO - Filling up the DagBag from /opt/airflow/dags/main_pipeline.py
[2025-07-25T03:52:21.875+0000] {processor.py:840} INFO - DAG(s) 'etl_pipeline' retrieved from /opt/airflow/dags/main_pipeline.py
[2025-07-25T03:52:21.911+0000] {logging_mixin.py:188} INFO - [2025-07-25T03:52:21.911+0000] {dag.py:3036} INFO - Sync 1 DAGs
[2025-07-25T03:52:21.939+0000] {logging_mixin.py:188} INFO - [2025-07-25T03:52:21.939+0000] {dag.py:3823} INFO - Setting next_dagrun for etl_pipeline to 2025-07-25 00:00:00+00:00, run_after=2025-07-26 00:00:00+00:00
[2025-07-25T03:52:21.965+0000] {processor.py:183} INFO - Processing /opt/airflow/dags/main_pipeline.py took 0.207 seconds
[2025-07-25T03:52:54.712+0000] {processor.py:161} INFO - Started process (PID=324) to work on /opt/airflow/dags/main_pipeline.py
[2025-07-25T03:52:54.713+0000] {processor.py:830} INFO - Processing file /opt/airflow/dags/main_pipeline.py for tasks to queue
[2025-07-25T03:52:54.715+0000] {logging_mixin.py:188} INFO - [2025-07-25T03:52:54.714+0000] {dagbag.py:538} INFO - Filling up the DagBag from /opt/airflow/dags/main_pipeline.py
[2025-07-25T03:52:54.808+0000] {processor.py:840} INFO - DAG(s) 'etl_pipeline' retrieved from /opt/airflow/dags/main_pipeline.py
[2025-07-25T03:52:54.838+0000] {logging_mixin.py:188} INFO - [2025-07-25T03:52:54.838+0000] {dag.py:3036} INFO - Sync 1 DAGs
[2025-07-25T03:52:54.907+0000] {logging_mixin.py:188} INFO - [2025-07-25T03:52:54.907+0000] {dag.py:3823} INFO - Setting next_dagrun for etl_pipeline to 2025-07-25 00:00:00+00:00, run_after=2025-07-26 00:00:00+00:00
[2025-07-25T03:52:54.944+0000] {processor.py:183} INFO - Processing /opt/airflow/dags/main_pipeline.py took 0.236 seconds
[2025-07-25T03:53:27.887+0000] {processor.py:161} INFO - Started process (PID=329) to work on /opt/airflow/dags/main_pipeline.py
[2025-07-25T03:53:27.889+0000] {processor.py:830} INFO - Processing file /opt/airflow/dags/main_pipeline.py for tasks to queue
[2025-07-25T03:53:27.890+0000] {logging_mixin.py:188} INFO - [2025-07-25T03:53:27.890+0000] {dagbag.py:538} INFO - Filling up the DagBag from /opt/airflow/dags/main_pipeline.py
[2025-07-25T03:53:27.993+0000] {processor.py:840} INFO - DAG(s) 'etl_pipeline' retrieved from /opt/airflow/dags/main_pipeline.py
[2025-07-25T03:53:28.025+0000] {logging_mixin.py:188} INFO - [2025-07-25T03:53:28.024+0000] {dag.py:3036} INFO - Sync 1 DAGs
[2025-07-25T03:53:28.051+0000] {logging_mixin.py:188} INFO - [2025-07-25T03:53:28.051+0000] {dag.py:3823} INFO - Setting next_dagrun for etl_pipeline to 2025-07-25 00:00:00+00:00, run_after=2025-07-26 00:00:00+00:00
[2025-07-25T03:53:28.074+0000] {processor.py:183} INFO - Processing /opt/airflow/dags/main_pipeline.py took 0.192 seconds
[2025-07-25T03:53:59.931+0000] {processor.py:161} INFO - Started process (PID=334) to work on /opt/airflow/dags/main_pipeline.py
[2025-07-25T03:53:59.932+0000] {processor.py:830} INFO - Processing file /opt/airflow/dags/main_pipeline.py for tasks to queue
[2025-07-25T03:53:59.934+0000] {logging_mixin.py:188} INFO - [2025-07-25T03:53:59.933+0000] {dagbag.py:538} INFO - Filling up the DagBag from /opt/airflow/dags/main_pipeline.py
[2025-07-25T03:54:00.033+0000] {processor.py:840} INFO - DAG(s) 'etl_pipeline' retrieved from /opt/airflow/dags/main_pipeline.py
[2025-07-25T03:54:00.064+0000] {logging_mixin.py:188} INFO - [2025-07-25T03:54:00.063+0000] {dag.py:3036} INFO - Sync 1 DAGs
[2025-07-25T03:54:00.090+0000] {logging_mixin.py:188} INFO - [2025-07-25T03:54:00.090+0000] {dag.py:3823} INFO - Setting next_dagrun for etl_pipeline to 2025-07-25 00:00:00+00:00, run_after=2025-07-26 00:00:00+00:00
[2025-07-25T03:54:00.114+0000] {processor.py:183} INFO - Processing /opt/airflow/dags/main_pipeline.py took 0.188 seconds
[2025-07-25T03:54:32.969+0000] {processor.py:161} INFO - Started process (PID=339) to work on /opt/airflow/dags/main_pipeline.py
[2025-07-25T03:54:32.971+0000] {processor.py:830} INFO - Processing file /opt/airflow/dags/main_pipeline.py for tasks to queue
[2025-07-25T03:54:32.973+0000] {logging_mixin.py:188} INFO - [2025-07-25T03:54:32.972+0000] {dagbag.py:538} INFO - Filling up the DagBag from /opt/airflow/dags/main_pipeline.py
[2025-07-25T03:54:33.074+0000] {processor.py:840} INFO - DAG(s) 'etl_pipeline' retrieved from /opt/airflow/dags/main_pipeline.py
[2025-07-25T03:54:33.111+0000] {logging_mixin.py:188} INFO - [2025-07-25T03:54:33.111+0000] {dag.py:3036} INFO - Sync 1 DAGs
[2025-07-25T03:54:33.139+0000] {logging_mixin.py:188} INFO - [2025-07-25T03:54:33.139+0000] {dag.py:3823} INFO - Setting next_dagrun for etl_pipeline to 2025-07-25 00:00:00+00:00, run_after=2025-07-26 00:00:00+00:00
[2025-07-25T03:54:33.168+0000] {processor.py:183} INFO - Processing /opt/airflow/dags/main_pipeline.py took 0.204 seconds
[2025-07-25T03:55:06.017+0000] {processor.py:161} INFO - Started process (PID=344) to work on /opt/airflow/dags/main_pipeline.py
[2025-07-25T03:55:06.018+0000] {processor.py:830} INFO - Processing file /opt/airflow/dags/main_pipeline.py for tasks to queue
[2025-07-25T03:55:06.020+0000] {logging_mixin.py:188} INFO - [2025-07-25T03:55:06.019+0000] {dagbag.py:538} INFO - Filling up the DagBag from /opt/airflow/dags/main_pipeline.py
[2025-07-25T03:55:06.121+0000] {processor.py:840} INFO - DAG(s) 'etl_pipeline' retrieved from /opt/airflow/dags/main_pipeline.py
[2025-07-25T03:55:06.161+0000] {logging_mixin.py:188} INFO - [2025-07-25T03:55:06.161+0000] {dag.py:3036} INFO - Sync 1 DAGs
[2025-07-25T03:55:06.190+0000] {logging_mixin.py:188} INFO - [2025-07-25T03:55:06.190+0000] {dag.py:3823} INFO - Setting next_dagrun for etl_pipeline to 2025-07-25 00:00:00+00:00, run_after=2025-07-26 00:00:00+00:00
[2025-07-25T03:55:06.217+0000] {processor.py:183} INFO - Processing /opt/airflow/dags/main_pipeline.py took 0.204 seconds
[2025-07-25T03:55:38.190+0000] {processor.py:161} INFO - Started process (PID=349) to work on /opt/airflow/dags/main_pipeline.py
[2025-07-25T03:55:38.191+0000] {processor.py:830} INFO - Processing file /opt/airflow/dags/main_pipeline.py for tasks to queue
[2025-07-25T03:55:38.193+0000] {logging_mixin.py:188} INFO - [2025-07-25T03:55:38.192+0000] {dagbag.py:538} INFO - Filling up the DagBag from /opt/airflow/dags/main_pipeline.py
[2025-07-25T03:55:38.295+0000] {processor.py:840} INFO - DAG(s) 'etl_pipeline' retrieved from /opt/airflow/dags/main_pipeline.py
[2025-07-25T03:55:38.334+0000] {logging_mixin.py:188} INFO - [2025-07-25T03:55:38.333+0000] {dag.py:3036} INFO - Sync 1 DAGs
[2025-07-25T03:55:38.363+0000] {logging_mixin.py:188} INFO - [2025-07-25T03:55:38.363+0000] {dag.py:3823} INFO - Setting next_dagrun for etl_pipeline to 2025-07-25 00:00:00+00:00, run_after=2025-07-26 00:00:00+00:00
[2025-07-25T03:55:38.390+0000] {processor.py:183} INFO - Processing /opt/airflow/dags/main_pipeline.py took 0.205 seconds
[2025-07-25T03:56:11.135+0000] {processor.py:161} INFO - Started process (PID=354) to work on /opt/airflow/dags/main_pipeline.py
[2025-07-25T03:56:11.137+0000] {processor.py:830} INFO - Processing file /opt/airflow/dags/main_pipeline.py for tasks to queue
[2025-07-25T03:56:11.138+0000] {logging_mixin.py:188} INFO - [2025-07-25T03:56:11.138+0000] {dagbag.py:538} INFO - Filling up the DagBag from /opt/airflow/dags/main_pipeline.py
[2025-07-25T03:56:11.230+0000] {processor.py:840} INFO - DAG(s) 'etl_pipeline' retrieved from /opt/airflow/dags/main_pipeline.py
[2025-07-25T03:56:11.266+0000] {logging_mixin.py:188} INFO - [2025-07-25T03:56:11.265+0000] {dag.py:3036} INFO - Sync 1 DAGs
[2025-07-25T03:56:11.291+0000] {logging_mixin.py:188} INFO - [2025-07-25T03:56:11.291+0000] {dag.py:3823} INFO - Setting next_dagrun for etl_pipeline to 2025-07-25 00:00:00+00:00, run_after=2025-07-26 00:00:00+00:00
[2025-07-25T03:56:11.316+0000] {processor.py:183} INFO - Processing /opt/airflow/dags/main_pipeline.py took 0.185 seconds
[2025-07-25T03:56:44.126+0000] {processor.py:161} INFO - Started process (PID=359) to work on /opt/airflow/dags/main_pipeline.py
[2025-07-25T03:56:44.134+0000] {processor.py:830} INFO - Processing file /opt/airflow/dags/main_pipeline.py for tasks to queue
[2025-07-25T03:56:44.138+0000] {logging_mixin.py:188} INFO - [2025-07-25T03:56:44.137+0000] {dagbag.py:538} INFO - Filling up the DagBag from /opt/airflow/dags/main_pipeline.py
[2025-07-25T03:56:44.430+0000] {processor.py:840} INFO - DAG(s) 'etl_pipeline' retrieved from /opt/airflow/dags/main_pipeline.py
[2025-07-25T03:56:44.510+0000] {logging_mixin.py:188} INFO - [2025-07-25T03:56:44.510+0000] {dag.py:3036} INFO - Sync 1 DAGs
[2025-07-25T03:56:44.579+0000] {logging_mixin.py:188} INFO - [2025-07-25T03:56:44.579+0000] {dag.py:3823} INFO - Setting next_dagrun for etl_pipeline to 2025-07-25 00:00:00+00:00, run_after=2025-07-26 00:00:00+00:00
[2025-07-25T03:56:44.622+0000] {processor.py:183} INFO - Processing /opt/airflow/dags/main_pipeline.py took 0.529 seconds
[2025-07-25T03:57:16.607+0000] {processor.py:161} INFO - Started process (PID=364) to work on /opt/airflow/dags/main_pipeline.py
[2025-07-25T03:57:16.609+0000] {processor.py:830} INFO - Processing file /opt/airflow/dags/main_pipeline.py for tasks to queue
[2025-07-25T03:57:16.611+0000] {logging_mixin.py:188} INFO - [2025-07-25T03:57:16.610+0000] {dagbag.py:538} INFO - Filling up the DagBag from /opt/airflow/dags/main_pipeline.py
[2025-07-25T03:57:16.786+0000] {processor.py:840} INFO - DAG(s) 'etl_pipeline' retrieved from /opt/airflow/dags/main_pipeline.py
[2025-07-25T03:57:16.835+0000] {logging_mixin.py:188} INFO - [2025-07-25T03:57:16.835+0000] {dag.py:3036} INFO - Sync 1 DAGs
[2025-07-25T03:57:16.867+0000] {logging_mixin.py:188} INFO - [2025-07-25T03:57:16.867+0000] {dag.py:3823} INFO - Setting next_dagrun for etl_pipeline to 2025-07-25 00:00:00+00:00, run_after=2025-07-26 00:00:00+00:00
[2025-07-25T03:57:16.897+0000] {processor.py:183} INFO - Processing /opt/airflow/dags/main_pipeline.py took 0.297 seconds
[2025-07-25T03:57:49.552+0000] {processor.py:161} INFO - Started process (PID=369) to work on /opt/airflow/dags/main_pipeline.py
[2025-07-25T03:57:49.553+0000] {processor.py:830} INFO - Processing file /opt/airflow/dags/main_pipeline.py for tasks to queue
[2025-07-25T03:57:49.555+0000] {logging_mixin.py:188} INFO - [2025-07-25T03:57:49.554+0000] {dagbag.py:538} INFO - Filling up the DagBag from /opt/airflow/dags/main_pipeline.py
[2025-07-25T03:57:49.656+0000] {processor.py:840} INFO - DAG(s) 'etl_pipeline' retrieved from /opt/airflow/dags/main_pipeline.py
[2025-07-25T03:57:49.691+0000] {logging_mixin.py:188} INFO - [2025-07-25T03:57:49.691+0000] {dag.py:3036} INFO - Sync 1 DAGs
[2025-07-25T03:57:49.718+0000] {logging_mixin.py:188} INFO - [2025-07-25T03:57:49.717+0000] {dag.py:3823} INFO - Setting next_dagrun for etl_pipeline to 2025-07-25 00:00:00+00:00, run_after=2025-07-26 00:00:00+00:00
[2025-07-25T03:57:49.744+0000] {processor.py:183} INFO - Processing /opt/airflow/dags/main_pipeline.py took 0.197 seconds
[2025-07-25T03:58:22.535+0000] {processor.py:161} INFO - Started process (PID=374) to work on /opt/airflow/dags/main_pipeline.py
[2025-07-25T03:58:22.537+0000] {processor.py:830} INFO - Processing file /opt/airflow/dags/main_pipeline.py for tasks to queue
[2025-07-25T03:58:22.539+0000] {logging_mixin.py:188} INFO - [2025-07-25T03:58:22.538+0000] {dagbag.py:538} INFO - Filling up the DagBag from /opt/airflow/dags/main_pipeline.py
[2025-07-25T03:58:22.649+0000] {processor.py:840} INFO - DAG(s) 'etl_pipeline' retrieved from /opt/airflow/dags/main_pipeline.py
[2025-07-25T03:58:22.686+0000] {logging_mixin.py:188} INFO - [2025-07-25T03:58:22.685+0000] {dag.py:3036} INFO - Sync 1 DAGs
[2025-07-25T03:58:22.716+0000] {logging_mixin.py:188} INFO - [2025-07-25T03:58:22.715+0000] {dag.py:3823} INFO - Setting next_dagrun for etl_pipeline to 2025-07-25 00:00:00+00:00, run_after=2025-07-26 00:00:00+00:00
[2025-07-25T03:58:22.742+0000] {processor.py:183} INFO - Processing /opt/airflow/dags/main_pipeline.py took 0.211 seconds
[2025-07-25T03:58:54.756+0000] {processor.py:161} INFO - Started process (PID=379) to work on /opt/airflow/dags/main_pipeline.py
[2025-07-25T03:58:54.758+0000] {processor.py:830} INFO - Processing file /opt/airflow/dags/main_pipeline.py for tasks to queue
[2025-07-25T03:58:54.760+0000] {logging_mixin.py:188} INFO - [2025-07-25T03:58:54.759+0000] {dagbag.py:538} INFO - Filling up the DagBag from /opt/airflow/dags/main_pipeline.py
[2025-07-25T03:58:54.881+0000] {processor.py:840} INFO - DAG(s) 'etl_pipeline' retrieved from /opt/airflow/dags/main_pipeline.py
[2025-07-25T03:58:54.925+0000] {logging_mixin.py:188} INFO - [2025-07-25T03:58:54.924+0000] {dag.py:3036} INFO - Sync 1 DAGs
[2025-07-25T03:58:54.954+0000] {logging_mixin.py:188} INFO - [2025-07-25T03:58:54.953+0000] {dag.py:3823} INFO - Setting next_dagrun for etl_pipeline to 2025-07-25 00:00:00+00:00, run_after=2025-07-26 00:00:00+00:00
[2025-07-25T03:58:54.982+0000] {processor.py:183} INFO - Processing /opt/airflow/dags/main_pipeline.py took 0.231 seconds
[2025-07-25T03:59:27.698+0000] {processor.py:161} INFO - Started process (PID=384) to work on /opt/airflow/dags/main_pipeline.py
[2025-07-25T03:59:27.700+0000] {processor.py:830} INFO - Processing file /opt/airflow/dags/main_pipeline.py for tasks to queue
[2025-07-25T03:59:27.702+0000] {logging_mixin.py:188} INFO - [2025-07-25T03:59:27.701+0000] {dagbag.py:538} INFO - Filling up the DagBag from /opt/airflow/dags/main_pipeline.py
[2025-07-25T03:59:27.810+0000] {processor.py:840} INFO - DAG(s) 'etl_pipeline' retrieved from /opt/airflow/dags/main_pipeline.py
[2025-07-25T03:59:27.845+0000] {logging_mixin.py:188} INFO - [2025-07-25T03:59:27.845+0000] {dag.py:3036} INFO - Sync 1 DAGs
[2025-07-25T03:59:27.874+0000] {logging_mixin.py:188} INFO - [2025-07-25T03:59:27.873+0000] {dag.py:3823} INFO - Setting next_dagrun for etl_pipeline to 2025-07-25 00:00:00+00:00, run_after=2025-07-26 00:00:00+00:00
[2025-07-25T03:59:27.914+0000] {processor.py:183} INFO - Processing /opt/airflow/dags/main_pipeline.py took 0.220 seconds
[2025-07-25T04:00:00.874+0000] {processor.py:161} INFO - Started process (PID=389) to work on /opt/airflow/dags/main_pipeline.py
[2025-07-25T04:00:00.875+0000] {processor.py:830} INFO - Processing file /opt/airflow/dags/main_pipeline.py for tasks to queue
[2025-07-25T04:00:00.878+0000] {logging_mixin.py:188} INFO - [2025-07-25T04:00:00.877+0000] {dagbag.py:538} INFO - Filling up the DagBag from /opt/airflow/dags/main_pipeline.py
[2025-07-25T04:00:00.982+0000] {processor.py:840} INFO - DAG(s) 'etl_pipeline' retrieved from /opt/airflow/dags/main_pipeline.py
[2025-07-25T04:00:01.020+0000] {logging_mixin.py:188} INFO - [2025-07-25T04:00:01.020+0000] {dag.py:3036} INFO - Sync 1 DAGs
[2025-07-25T04:00:01.046+0000] {logging_mixin.py:188} INFO - [2025-07-25T04:00:01.045+0000] {dag.py:3823} INFO - Setting next_dagrun for etl_pipeline to 2025-07-25 00:00:00+00:00, run_after=2025-07-26 00:00:00+00:00
[2025-07-25T04:00:01.072+0000] {processor.py:183} INFO - Processing /opt/airflow/dags/main_pipeline.py took 0.203 seconds
[2025-07-25T04:00:32.867+0000] {processor.py:161} INFO - Started process (PID=394) to work on /opt/airflow/dags/main_pipeline.py
[2025-07-25T04:00:32.869+0000] {processor.py:830} INFO - Processing file /opt/airflow/dags/main_pipeline.py for tasks to queue
[2025-07-25T04:00:32.870+0000] {logging_mixin.py:188} INFO - [2025-07-25T04:00:32.869+0000] {dagbag.py:538} INFO - Filling up the DagBag from /opt/airflow/dags/main_pipeline.py
[2025-07-25T04:00:32.984+0000] {processor.py:840} INFO - DAG(s) 'etl_pipeline' retrieved from /opt/airflow/dags/main_pipeline.py
[2025-07-25T04:00:33.018+0000] {logging_mixin.py:188} INFO - [2025-07-25T04:00:33.018+0000] {dag.py:3036} INFO - Sync 1 DAGs
[2025-07-25T04:00:33.045+0000] {logging_mixin.py:188} INFO - [2025-07-25T04:00:33.045+0000] {dag.py:3823} INFO - Setting next_dagrun for etl_pipeline to 2025-07-25 00:00:00+00:00, run_after=2025-07-26 00:00:00+00:00
[2025-07-25T04:00:33.066+0000] {processor.py:183} INFO - Processing /opt/airflow/dags/main_pipeline.py took 0.205 seconds
[2025-07-25T04:01:05.974+0000] {processor.py:161} INFO - Started process (PID=399) to work on /opt/airflow/dags/main_pipeline.py
[2025-07-25T04:01:05.976+0000] {processor.py:830} INFO - Processing file /opt/airflow/dags/main_pipeline.py for tasks to queue
[2025-07-25T04:01:05.978+0000] {logging_mixin.py:188} INFO - [2025-07-25T04:01:05.977+0000] {dagbag.py:538} INFO - Filling up the DagBag from /opt/airflow/dags/main_pipeline.py
[2025-07-25T04:01:06.074+0000] {processor.py:840} INFO - DAG(s) 'etl_pipeline' retrieved from /opt/airflow/dags/main_pipeline.py
[2025-07-25T04:01:06.104+0000] {logging_mixin.py:188} INFO - [2025-07-25T04:01:06.104+0000] {dag.py:3036} INFO - Sync 1 DAGs
[2025-07-25T04:01:06.131+0000] {logging_mixin.py:188} INFO - [2025-07-25T04:01:06.130+0000] {dag.py:3823} INFO - Setting next_dagrun for etl_pipeline to 2025-07-25 00:00:00+00:00, run_after=2025-07-26 00:00:00+00:00
[2025-07-25T04:01:06.155+0000] {processor.py:183} INFO - Processing /opt/airflow/dags/main_pipeline.py took 0.185 seconds
[2025-07-25T04:01:38.950+0000] {processor.py:161} INFO - Started process (PID=404) to work on /opt/airflow/dags/main_pipeline.py
[2025-07-25T04:01:38.952+0000] {processor.py:830} INFO - Processing file /opt/airflow/dags/main_pipeline.py for tasks to queue
[2025-07-25T04:01:38.953+0000] {logging_mixin.py:188} INFO - [2025-07-25T04:01:38.953+0000] {dagbag.py:538} INFO - Filling up the DagBag from /opt/airflow/dags/main_pipeline.py
[2025-07-25T04:01:39.049+0000] {processor.py:840} INFO - DAG(s) 'etl_pipeline' retrieved from /opt/airflow/dags/main_pipeline.py
[2025-07-25T04:01:39.084+0000] {logging_mixin.py:188} INFO - [2025-07-25T04:01:39.083+0000] {dag.py:3036} INFO - Sync 1 DAGs
[2025-07-25T04:01:39.110+0000] {logging_mixin.py:188} INFO - [2025-07-25T04:01:39.109+0000] {dag.py:3823} INFO - Setting next_dagrun for etl_pipeline to 2025-07-25 00:00:00+00:00, run_after=2025-07-26 00:00:00+00:00
[2025-07-25T04:01:39.133+0000] {processor.py:183} INFO - Processing /opt/airflow/dags/main_pipeline.py took 0.188 seconds
[2025-07-25T04:02:11.035+0000] {processor.py:161} INFO - Started process (PID=409) to work on /opt/airflow/dags/main_pipeline.py
[2025-07-25T04:02:11.036+0000] {processor.py:830} INFO - Processing file /opt/airflow/dags/main_pipeline.py for tasks to queue
[2025-07-25T04:02:11.037+0000] {logging_mixin.py:188} INFO - [2025-07-25T04:02:11.037+0000] {dagbag.py:538} INFO - Filling up the DagBag from /opt/airflow/dags/main_pipeline.py
[2025-07-25T04:02:11.136+0000] {processor.py:840} INFO - DAG(s) 'etl_pipeline' retrieved from /opt/airflow/dags/main_pipeline.py
[2025-07-25T04:02:11.169+0000] {logging_mixin.py:188} INFO - [2025-07-25T04:02:11.169+0000] {dag.py:3036} INFO - Sync 1 DAGs
[2025-07-25T04:02:11.195+0000] {logging_mixin.py:188} INFO - [2025-07-25T04:02:11.195+0000] {dag.py:3823} INFO - Setting next_dagrun for etl_pipeline to 2025-07-25 00:00:00+00:00, run_after=2025-07-26 00:00:00+00:00
[2025-07-25T04:02:11.219+0000] {processor.py:183} INFO - Processing /opt/airflow/dags/main_pipeline.py took 0.188 seconds
[2025-07-25T04:02:44.020+0000] {processor.py:161} INFO - Started process (PID=414) to work on /opt/airflow/dags/main_pipeline.py
[2025-07-25T04:02:44.021+0000] {processor.py:830} INFO - Processing file /opt/airflow/dags/main_pipeline.py for tasks to queue
[2025-07-25T04:02:44.023+0000] {logging_mixin.py:188} INFO - [2025-07-25T04:02:44.022+0000] {dagbag.py:538} INFO - Filling up the DagBag from /opt/airflow/dags/main_pipeline.py
[2025-07-25T04:02:44.137+0000] {processor.py:840} INFO - DAG(s) 'etl_pipeline' retrieved from /opt/airflow/dags/main_pipeline.py
[2025-07-25T04:02:44.169+0000] {logging_mixin.py:188} INFO - [2025-07-25T04:02:44.169+0000] {dag.py:3036} INFO - Sync 1 DAGs
[2025-07-25T04:02:44.198+0000] {logging_mixin.py:188} INFO - [2025-07-25T04:02:44.198+0000] {dag.py:3823} INFO - Setting next_dagrun for etl_pipeline to 2025-07-25 00:00:00+00:00, run_after=2025-07-26 00:00:00+00:00
[2025-07-25T04:02:44.224+0000] {processor.py:183} INFO - Processing /opt/airflow/dags/main_pipeline.py took 0.210 seconds
[2025-07-25T06:28:25.133+0000] {processor.py:161} INFO - Started process (PID=167) to work on /opt/airflow/dags/main_pipeline.py
[2025-07-25T06:28:25.136+0000] {processor.py:830} INFO - Processing file /opt/airflow/dags/main_pipeline.py for tasks to queue
[2025-07-25T06:28:25.138+0000] {logging_mixin.py:188} INFO - [2025-07-25T06:28:25.137+0000] {dagbag.py:538} INFO - Filling up the DagBag from /opt/airflow/dags/main_pipeline.py
[2025-07-25T06:28:25.340+0000] {processor.py:840} INFO - DAG(s) 'etl_pipeline' retrieved from /opt/airflow/dags/main_pipeline.py
[2025-07-25T06:28:25.400+0000] {logging_mixin.py:188} INFO - [2025-07-25T06:28:25.400+0000] {dag.py:3036} INFO - Sync 1 DAGs
[2025-07-25T06:28:25.456+0000] {logging_mixin.py:188} INFO - [2025-07-25T06:28:25.456+0000] {dag.py:3823} INFO - Setting next_dagrun for etl_pipeline to 2025-07-25 00:00:00+00:00, run_after=2025-07-26 00:00:00+00:00
[2025-07-25T06:28:25.497+0000] {processor.py:183} INFO - Processing /opt/airflow/dags/main_pipeline.py took 0.371 seconds
[2025-07-25T06:28:55.589+0000] {processor.py:161} INFO - Started process (PID=172) to work on /opt/airflow/dags/main_pipeline.py
[2025-07-25T06:28:55.592+0000] {processor.py:830} INFO - Processing file /opt/airflow/dags/main_pipeline.py for tasks to queue
[2025-07-25T06:28:55.593+0000] {logging_mixin.py:188} INFO - [2025-07-25T06:28:55.593+0000] {dagbag.py:538} INFO - Filling up the DagBag from /opt/airflow/dags/main_pipeline.py
[2025-07-25T06:28:55.711+0000] {processor.py:840} INFO - DAG(s) 'etl_pipeline' retrieved from /opt/airflow/dags/main_pipeline.py
[2025-07-25T06:28:55.945+0000] {logging_mixin.py:188} INFO - [2025-07-25T06:28:55.945+0000] {dag.py:3036} INFO - Sync 1 DAGs
[2025-07-25T06:28:55.971+0000] {logging_mixin.py:188} INFO - [2025-07-25T06:28:55.971+0000] {dag.py:3823} INFO - Setting next_dagrun for etl_pipeline to 2025-07-25 00:00:00+00:00, run_after=2025-07-26 00:00:00+00:00
[2025-07-25T06:28:55.997+0000] {processor.py:183} INFO - Processing /opt/airflow/dags/main_pipeline.py took 0.412 seconds
[2025-07-25T06:29:26.934+0000] {processor.py:161} INFO - Started process (PID=177) to work on /opt/airflow/dags/main_pipeline.py
[2025-07-25T06:29:26.938+0000] {processor.py:830} INFO - Processing file /opt/airflow/dags/main_pipeline.py for tasks to queue
[2025-07-25T06:29:26.940+0000] {logging_mixin.py:188} INFO - [2025-07-25T06:29:26.939+0000] {dagbag.py:538} INFO - Filling up the DagBag from /opt/airflow/dags/main_pipeline.py
[2025-07-25T06:29:27.123+0000] {processor.py:840} INFO - DAG(s) 'etl_pipeline' retrieved from /opt/airflow/dags/main_pipeline.py
[2025-07-25T06:29:27.178+0000] {logging_mixin.py:188} INFO - [2025-07-25T06:29:27.178+0000] {dag.py:3036} INFO - Sync 1 DAGs
[2025-07-25T06:29:27.223+0000] {logging_mixin.py:188} INFO - [2025-07-25T06:29:27.223+0000] {dag.py:3823} INFO - Setting next_dagrun for etl_pipeline to 2025-07-25 00:00:00+00:00, run_after=2025-07-26 00:00:00+00:00
[2025-07-25T06:29:27.259+0000] {processor.py:183} INFO - Processing /opt/airflow/dags/main_pipeline.py took 0.331 seconds
[2025-07-25T06:29:58.901+0000] {processor.py:161} INFO - Started process (PID=182) to work on /opt/airflow/dags/main_pipeline.py
[2025-07-25T06:29:58.903+0000] {processor.py:830} INFO - Processing file /opt/airflow/dags/main_pipeline.py for tasks to queue
[2025-07-25T06:29:58.905+0000] {logging_mixin.py:188} INFO - [2025-07-25T06:29:58.904+0000] {dagbag.py:538} INFO - Filling up the DagBag from /opt/airflow/dags/main_pipeline.py
[2025-07-25T06:29:59.029+0000] {processor.py:840} INFO - DAG(s) 'etl_pipeline' retrieved from /opt/airflow/dags/main_pipeline.py
[2025-07-25T06:29:59.069+0000] {logging_mixin.py:188} INFO - [2025-07-25T06:29:59.069+0000] {dag.py:3036} INFO - Sync 1 DAGs
[2025-07-25T06:29:59.098+0000] {logging_mixin.py:188} INFO - [2025-07-25T06:29:59.098+0000] {dag.py:3823} INFO - Setting next_dagrun for etl_pipeline to 2025-07-25 00:00:00+00:00, run_after=2025-07-26 00:00:00+00:00
[2025-07-25T06:29:59.126+0000] {processor.py:183} INFO - Processing /opt/airflow/dags/main_pipeline.py took 0.231 seconds
[2025-07-25T06:30:31.422+0000] {processor.py:161} INFO - Started process (PID=187) to work on /opt/airflow/dags/main_pipeline.py
[2025-07-25T06:30:31.423+0000] {processor.py:830} INFO - Processing file /opt/airflow/dags/main_pipeline.py for tasks to queue
[2025-07-25T06:30:31.425+0000] {logging_mixin.py:188} INFO - [2025-07-25T06:30:31.424+0000] {dagbag.py:538} INFO - Filling up the DagBag from /opt/airflow/dags/main_pipeline.py
[2025-07-25T06:30:31.525+0000] {processor.py:840} INFO - DAG(s) 'etl_pipeline' retrieved from /opt/airflow/dags/main_pipeline.py
[2025-07-25T06:30:31.561+0000] {logging_mixin.py:188} INFO - [2025-07-25T06:30:31.561+0000] {dag.py:3036} INFO - Sync 1 DAGs
[2025-07-25T06:30:31.591+0000] {logging_mixin.py:188} INFO - [2025-07-25T06:30:31.591+0000] {dag.py:3823} INFO - Setting next_dagrun for etl_pipeline to 2025-07-25 00:00:00+00:00, run_after=2025-07-26 00:00:00+00:00
[2025-07-25T06:30:31.615+0000] {processor.py:183} INFO - Processing /opt/airflow/dags/main_pipeline.py took 0.200 seconds
[2025-07-25T06:31:04.354+0000] {processor.py:161} INFO - Started process (PID=192) to work on /opt/airflow/dags/main_pipeline.py
[2025-07-25T06:31:04.359+0000] {processor.py:830} INFO - Processing file /opt/airflow/dags/main_pipeline.py for tasks to queue
[2025-07-25T06:31:04.360+0000] {logging_mixin.py:188} INFO - [2025-07-25T06:31:04.360+0000] {dagbag.py:538} INFO - Filling up the DagBag from /opt/airflow/dags/main_pipeline.py
[2025-07-25T06:31:04.484+0000] {processor.py:840} INFO - DAG(s) 'etl_pipeline' retrieved from /opt/airflow/dags/main_pipeline.py
[2025-07-25T06:31:04.518+0000] {logging_mixin.py:188} INFO - [2025-07-25T06:31:04.518+0000] {dag.py:3036} INFO - Sync 1 DAGs
[2025-07-25T06:31:04.547+0000] {logging_mixin.py:188} INFO - [2025-07-25T06:31:04.547+0000] {dag.py:3823} INFO - Setting next_dagrun for etl_pipeline to 2025-07-25 00:00:00+00:00, run_after=2025-07-26 00:00:00+00:00
[2025-07-25T06:31:04.576+0000] {processor.py:183} INFO - Processing /opt/airflow/dags/main_pipeline.py took 0.226 seconds
[2025-07-25T06:31:36.502+0000] {processor.py:161} INFO - Started process (PID=217) to work on /opt/airflow/dags/main_pipeline.py
[2025-07-25T06:31:36.504+0000] {processor.py:830} INFO - Processing file /opt/airflow/dags/main_pipeline.py for tasks to queue
[2025-07-25T06:31:36.505+0000] {logging_mixin.py:188} INFO - [2025-07-25T06:31:36.505+0000] {dagbag.py:538} INFO - Filling up the DagBag from /opt/airflow/dags/main_pipeline.py
[2025-07-25T06:31:36.596+0000] {processor.py:840} INFO - DAG(s) 'etl_pipeline' retrieved from /opt/airflow/dags/main_pipeline.py
[2025-07-25T06:31:36.626+0000] {logging_mixin.py:188} INFO - [2025-07-25T06:31:36.626+0000] {dag.py:3036} INFO - Sync 1 DAGs
[2025-07-25T06:31:36.649+0000] {logging_mixin.py:188} INFO - [2025-07-25T06:31:36.649+0000] {dag.py:3823} INFO - Setting next_dagrun for etl_pipeline to 2025-07-25 00:00:00+00:00, run_after=2025-07-26 00:00:00+00:00
[2025-07-25T06:31:36.671+0000] {processor.py:183} INFO - Processing /opt/airflow/dags/main_pipeline.py took 0.173 seconds
[2025-07-25T06:32:09.437+0000] {processor.py:161} INFO - Started process (PID=222) to work on /opt/airflow/dags/main_pipeline.py
[2025-07-25T06:32:09.439+0000] {processor.py:830} INFO - Processing file /opt/airflow/dags/main_pipeline.py for tasks to queue
[2025-07-25T06:32:09.440+0000] {logging_mixin.py:188} INFO - [2025-07-25T06:32:09.440+0000] {dagbag.py:538} INFO - Filling up the DagBag from /opt/airflow/dags/main_pipeline.py
[2025-07-25T06:32:09.560+0000] {processor.py:840} INFO - DAG(s) 'etl_pipeline' retrieved from /opt/airflow/dags/main_pipeline.py
[2025-07-25T06:32:09.598+0000] {logging_mixin.py:188} INFO - [2025-07-25T06:32:09.597+0000] {dag.py:3036} INFO - Sync 1 DAGs
[2025-07-25T06:32:09.625+0000] {logging_mixin.py:188} INFO - [2025-07-25T06:32:09.625+0000] {dag.py:3823} INFO - Setting next_dagrun for etl_pipeline to 2025-07-25 00:00:00+00:00, run_after=2025-07-26 00:00:00+00:00
[2025-07-25T06:32:09.650+0000] {processor.py:183} INFO - Processing /opt/airflow/dags/main_pipeline.py took 0.219 seconds
[2025-07-25T06:32:42.569+0000] {processor.py:161} INFO - Started process (PID=227) to work on /opt/airflow/dags/main_pipeline.py
[2025-07-25T06:32:42.570+0000] {processor.py:830} INFO - Processing file /opt/airflow/dags/main_pipeline.py for tasks to queue
[2025-07-25T06:32:42.572+0000] {logging_mixin.py:188} INFO - [2025-07-25T06:32:42.571+0000] {dagbag.py:538} INFO - Filling up the DagBag from /opt/airflow/dags/main_pipeline.py
[2025-07-25T06:32:42.681+0000] {processor.py:840} INFO - DAG(s) 'etl_pipeline' retrieved from /opt/airflow/dags/main_pipeline.py
[2025-07-25T06:32:42.711+0000] {logging_mixin.py:188} INFO - [2025-07-25T06:32:42.710+0000] {dag.py:3036} INFO - Sync 1 DAGs
[2025-07-25T06:32:42.737+0000] {logging_mixin.py:188} INFO - [2025-07-25T06:32:42.737+0000] {dag.py:3823} INFO - Setting next_dagrun for etl_pipeline to 2025-07-25 00:00:00+00:00, run_after=2025-07-26 00:00:00+00:00
[2025-07-25T06:32:42.762+0000] {processor.py:183} INFO - Processing /opt/airflow/dags/main_pipeline.py took 0.196 seconds
[2025-07-25T06:33:14.784+0000] {processor.py:161} INFO - Started process (PID=232) to work on /opt/airflow/dags/main_pipeline.py
[2025-07-25T06:33:14.786+0000] {processor.py:830} INFO - Processing file /opt/airflow/dags/main_pipeline.py for tasks to queue
[2025-07-25T06:33:14.787+0000] {logging_mixin.py:188} INFO - [2025-07-25T06:33:14.787+0000] {dagbag.py:538} INFO - Filling up the DagBag from /opt/airflow/dags/main_pipeline.py
[2025-07-25T06:33:14.897+0000] {processor.py:840} INFO - DAG(s) 'etl_pipeline' retrieved from /opt/airflow/dags/main_pipeline.py
[2025-07-25T06:33:14.930+0000] {logging_mixin.py:188} INFO - [2025-07-25T06:33:14.930+0000] {dag.py:3036} INFO - Sync 1 DAGs
[2025-07-25T06:33:14.956+0000] {logging_mixin.py:188} INFO - [2025-07-25T06:33:14.956+0000] {dag.py:3823} INFO - Setting next_dagrun for etl_pipeline to 2025-07-25 00:00:00+00:00, run_after=2025-07-26 00:00:00+00:00
[2025-07-25T06:33:14.978+0000] {processor.py:183} INFO - Processing /opt/airflow/dags/main_pipeline.py took 0.199 seconds
[2025-07-25T06:33:47.721+0000] {processor.py:161} INFO - Started process (PID=237) to work on /opt/airflow/dags/main_pipeline.py
[2025-07-25T06:33:47.723+0000] {processor.py:830} INFO - Processing file /opt/airflow/dags/main_pipeline.py for tasks to queue
[2025-07-25T06:33:47.724+0000] {logging_mixin.py:188} INFO - [2025-07-25T06:33:47.723+0000] {dagbag.py:538} INFO - Filling up the DagBag from /opt/airflow/dags/main_pipeline.py
[2025-07-25T06:33:47.827+0000] {processor.py:840} INFO - DAG(s) 'etl_pipeline' retrieved from /opt/airflow/dags/main_pipeline.py
[2025-07-25T06:33:47.864+0000] {logging_mixin.py:188} INFO - [2025-07-25T06:33:47.864+0000] {dag.py:3036} INFO - Sync 1 DAGs
[2025-07-25T06:33:47.893+0000] {logging_mixin.py:188} INFO - [2025-07-25T06:33:47.893+0000] {dag.py:3823} INFO - Setting next_dagrun for etl_pipeline to 2025-07-25 00:00:00+00:00, run_after=2025-07-26 00:00:00+00:00
[2025-07-25T06:33:47.920+0000] {processor.py:183} INFO - Processing /opt/airflow/dags/main_pipeline.py took 0.204 seconds
[2025-07-25T06:34:20.666+0000] {processor.py:161} INFO - Started process (PID=242) to work on /opt/airflow/dags/main_pipeline.py
[2025-07-25T06:34:20.667+0000] {processor.py:830} INFO - Processing file /opt/airflow/dags/main_pipeline.py for tasks to queue
[2025-07-25T06:34:20.669+0000] {logging_mixin.py:188} INFO - [2025-07-25T06:34:20.668+0000] {dagbag.py:538} INFO - Filling up the DagBag from /opt/airflow/dags/main_pipeline.py
[2025-07-25T06:34:20.777+0000] {processor.py:840} INFO - DAG(s) 'etl_pipeline' retrieved from /opt/airflow/dags/main_pipeline.py
[2025-07-25T06:34:20.815+0000] {logging_mixin.py:188} INFO - [2025-07-25T06:34:20.815+0000] {dag.py:3036} INFO - Sync 1 DAGs
[2025-07-25T06:34:20.874+0000] {logging_mixin.py:188} INFO - [2025-07-25T06:34:20.874+0000] {dag.py:3823} INFO - Setting next_dagrun for etl_pipeline to 2025-07-25 00:00:00+00:00, run_after=2025-07-26 00:00:00+00:00
[2025-07-25T06:34:20.902+0000] {processor.py:183} INFO - Processing /opt/airflow/dags/main_pipeline.py took 0.241 seconds
