[2025-07-23T01:53:57.290+0000] {taskinstance.py:1956} INFO - Dependencies all met for dep_context=non-requeueable deps ti=<TaskInstance: etl_pipeline.fetch_people_in_space scheduled__2025-07-22T00:00:00+00:00 [queued]>
[2025-07-23T01:53:57.301+0000] {taskinstance.py:1956} INFO - Dependencies all met for dep_context=requeueable deps ti=<TaskInstance: etl_pipeline.fetch_people_in_space scheduled__2025-07-22T00:00:00+00:00 [queued]>
[2025-07-23T01:53:57.302+0000] {taskinstance.py:2170} INFO - Starting attempt 1 of 2
[2025-07-23T01:53:57.317+0000] {taskinstance.py:2191} INFO - Executing <Task(PythonOperator): fetch_people_in_space> on 2025-07-22 00:00:00+00:00
[2025-07-23T01:53:57.323+0000] {standard_task_runner.py:60} INFO - Started process 263 to run task
[2025-07-23T01:53:57.327+0000] {standard_task_runner.py:87} INFO - Running: ['***', 'tasks', 'run', 'etl_pipeline', 'fetch_people_in_space', 'scheduled__2025-07-22T00:00:00+00:00', '--job-id', '4', '--raw', '--subdir', 'DAGS_FOLDER/main_pipeline.py', '--cfg-path', '/tmp/tmpubr_r76_']
[2025-07-23T01:53:57.329+0000] {standard_task_runner.py:88} INFO - Job 4: Subtask fetch_people_in_space
[2025-07-23T01:53:57.403+0000] {task_command.py:423} INFO - Running <TaskInstance: etl_pipeline.fetch_people_in_space scheduled__2025-07-22T00:00:00+00:00 [running]> on host d113f261e9bc
[2025-07-23T01:53:57.490+0000] {taskinstance.py:2480} INFO - Exporting env vars: AIRFLOW_CTX_DAG_OWNER='ingrid' AIRFLOW_CTX_DAG_ID='etl_pipeline' AIRFLOW_CTX_TASK_ID='fetch_people_in_space' AIRFLOW_CTX_EXECUTION_DATE='2025-07-22T00:00:00+00:00' AIRFLOW_CTX_TRY_NUMBER='1' AIRFLOW_CTX_DAG_RUN_ID='scheduled__2025-07-22T00:00:00+00:00'
[2025-07-23T01:54:00.798+0000] {python.py:201} INFO - Done. Returned value was: None
[2025-07-23T01:54:00.812+0000] {taskinstance.py:1138} INFO - Marking task as SUCCESS. dag_id=etl_pipeline, task_id=fetch_people_in_space, execution_date=20250722T000000, start_date=20250723T015357, end_date=20250723T015400
[2025-07-23T01:54:00.878+0000] {local_task_job_runner.py:234} INFO - Task exited with return code 0
[2025-07-23T01:54:00.904+0000] {taskinstance.py:3280} INFO - 0 downstream tasks scheduled from follow-on schedule check
[2025-07-23T02:57:56.023+0000] {taskinstance.py:1956} INFO - Dependencies all met for dep_context=non-requeueable deps ti=<TaskInstance: etl_pipeline.fetch_people_in_space scheduled__2025-07-22T00:00:00+00:00 [queued]>
[2025-07-23T02:57:56.038+0000] {taskinstance.py:1956} INFO - Dependencies all met for dep_context=requeueable deps ti=<TaskInstance: etl_pipeline.fetch_people_in_space scheduled__2025-07-22T00:00:00+00:00 [queued]>
[2025-07-23T02:57:56.039+0000] {taskinstance.py:2170} INFO - Starting attempt 1 of 2
[2025-07-23T02:57:56.061+0000] {taskinstance.py:2191} INFO - Executing <Task(PythonOperator): fetch_people_in_space> on 2025-07-22 00:00:00+00:00
[2025-07-23T02:57:56.067+0000] {standard_task_runner.py:60} INFO - Started process 193 to run task
[2025-07-23T02:57:56.073+0000] {standard_task_runner.py:87} INFO - Running: ['***', 'tasks', 'run', 'etl_pipeline', 'fetch_people_in_space', 'scheduled__2025-07-22T00:00:00+00:00', '--job-id', '4', '--raw', '--subdir', 'DAGS_FOLDER/main_pipeline.py', '--cfg-path', '/tmp/tmpewig8yph']
[2025-07-23T02:57:56.077+0000] {standard_task_runner.py:88} INFO - Job 4: Subtask fetch_people_in_space
[2025-07-23T02:57:56.174+0000] {task_command.py:423} INFO - Running <TaskInstance: etl_pipeline.fetch_people_in_space scheduled__2025-07-22T00:00:00+00:00 [running]> on host ee71ed761826
[2025-07-23T02:57:56.283+0000] {taskinstance.py:2480} INFO - Exporting env vars: AIRFLOW_CTX_DAG_OWNER='ingrid' AIRFLOW_CTX_DAG_ID='etl_pipeline' AIRFLOW_CTX_TASK_ID='fetch_people_in_space' AIRFLOW_CTX_EXECUTION_DATE='2025-07-22T00:00:00+00:00' AIRFLOW_CTX_TRY_NUMBER='1' AIRFLOW_CTX_DAG_RUN_ID='scheduled__2025-07-22T00:00:00+00:00'
[2025-07-23T02:57:56.594+0000] {python.py:201} INFO - Done. Returned value was: None
[2025-07-23T02:57:56.609+0000] {taskinstance.py:1138} INFO - Marking task as SUCCESS. dag_id=etl_pipeline, task_id=fetch_people_in_space, execution_date=20250722T000000, start_date=20250723T025756, end_date=20250723T025756
[2025-07-23T02:57:56.649+0000] {local_task_job_runner.py:234} INFO - Task exited with return code 0
[2025-07-23T02:57:56.678+0000] {taskinstance.py:3280} INFO - 1 downstream tasks scheduled from follow-on schedule check
