[2025-07-23T01:53:51.739+0000] {taskinstance.py:1956} INFO - Dependencies all met for dep_context=non-requeueable deps ti=<TaskInstance: etl_pipeline.fetch_infectious_data scheduled__2025-07-22T00:00:00+00:00 [queued]>
[2025-07-23T01:53:51.752+0000] {taskinstance.py:1956} INFO - Dependencies all met for dep_context=requeueable deps ti=<TaskInstance: etl_pipeline.fetch_infectious_data scheduled__2025-07-22T00:00:00+00:00 [queued]>
[2025-07-23T01:53:51.754+0000] {taskinstance.py:2170} INFO - Starting attempt 1 of 2
[2025-07-23T01:53:51.773+0000] {taskinstance.py:2191} INFO - Executing <Task(PythonOperator): fetch_infectious_data> on 2025-07-22 00:00:00+00:00
[2025-07-23T01:53:51.779+0000] {standard_task_runner.py:60} INFO - Started process 253 to run task
[2025-07-23T01:53:51.784+0000] {standard_task_runner.py:87} INFO - Running: ['***', 'tasks', 'run', 'etl_pipeline', 'fetch_infectious_data', 'scheduled__2025-07-22T00:00:00+00:00', '--job-id', '2', '--raw', '--subdir', 'DAGS_FOLDER/main_pipeline.py', '--cfg-path', '/tmp/tmpox0qk68t']
[2025-07-23T01:53:51.789+0000] {standard_task_runner.py:88} INFO - Job 2: Subtask fetch_infectious_data
[2025-07-23T01:53:51.905+0000] {task_command.py:423} INFO - Running <TaskInstance: etl_pipeline.fetch_infectious_data scheduled__2025-07-22T00:00:00+00:00 [running]> on host d113f261e9bc
[2025-07-23T01:53:52.056+0000] {taskinstance.py:2480} INFO - Exporting env vars: AIRFLOW_CTX_DAG_OWNER='ingrid' AIRFLOW_CTX_DAG_ID='etl_pipeline' AIRFLOW_CTX_TASK_ID='fetch_infectious_data' AIRFLOW_CTX_EXECUTION_DATE='2025-07-22T00:00:00+00:00' AIRFLOW_CTX_TRY_NUMBER='1' AIRFLOW_CTX_DAG_RUN_ID='scheduled__2025-07-22T00:00:00+00:00'
[2025-07-23T01:53:53.531+0000] {python.py:201} INFO - Done. Returned value was: None
[2025-07-23T01:53:53.547+0000] {taskinstance.py:1138} INFO - Marking task as SUCCESS. dag_id=etl_pipeline, task_id=fetch_infectious_data, execution_date=20250722T000000, start_date=20250723T015351, end_date=20250723T015353
[2025-07-23T01:53:53.615+0000] {local_task_job_runner.py:234} INFO - Task exited with return code 0
[2025-07-23T01:53:53.653+0000] {taskinstance.py:3280} INFO - 1 downstream tasks scheduled from follow-on schedule check
[2025-07-23T02:57:49.769+0000] {taskinstance.py:1956} INFO - Dependencies all met for dep_context=non-requeueable deps ti=<TaskInstance: etl_pipeline.fetch_infectious_data scheduled__2025-07-22T00:00:00+00:00 [queued]>
[2025-07-23T02:57:49.786+0000] {taskinstance.py:1956} INFO - Dependencies all met for dep_context=requeueable deps ti=<TaskInstance: etl_pipeline.fetch_infectious_data scheduled__2025-07-22T00:00:00+00:00 [queued]>
[2025-07-23T02:57:49.787+0000] {taskinstance.py:2170} INFO - Starting attempt 1 of 2
[2025-07-23T02:57:49.826+0000] {taskinstance.py:2191} INFO - Executing <Task(PythonOperator): fetch_infectious_data> on 2025-07-22 00:00:00+00:00
[2025-07-23T02:57:49.840+0000] {standard_task_runner.py:60} INFO - Started process 178 to run task
[2025-07-23T02:57:49.856+0000] {standard_task_runner.py:87} INFO - Running: ['***', 'tasks', 'run', 'etl_pipeline', 'fetch_infectious_data', 'scheduled__2025-07-22T00:00:00+00:00', '--job-id', '2', '--raw', '--subdir', 'DAGS_FOLDER/main_pipeline.py', '--cfg-path', '/tmp/tmppuhvqxks']
[2025-07-23T02:57:49.871+0000] {standard_task_runner.py:88} INFO - Job 2: Subtask fetch_infectious_data
[2025-07-23T02:57:50.163+0000] {task_command.py:423} INFO - Running <TaskInstance: etl_pipeline.fetch_infectious_data scheduled__2025-07-22T00:00:00+00:00 [running]> on host ee71ed761826
[2025-07-23T02:57:50.437+0000] {taskinstance.py:2480} INFO - Exporting env vars: AIRFLOW_CTX_DAG_OWNER='ingrid' AIRFLOW_CTX_DAG_ID='etl_pipeline' AIRFLOW_CTX_TASK_ID='fetch_infectious_data' AIRFLOW_CTX_EXECUTION_DATE='2025-07-22T00:00:00+00:00' AIRFLOW_CTX_TRY_NUMBER='1' AIRFLOW_CTX_DAG_RUN_ID='scheduled__2025-07-22T00:00:00+00:00'
[2025-07-23T02:57:51.716+0000] {python.py:201} INFO - Done. Returned value was: None
[2025-07-23T02:57:51.762+0000] {taskinstance.py:1138} INFO - Marking task as SUCCESS. dag_id=etl_pipeline, task_id=fetch_infectious_data, execution_date=20250722T000000, start_date=20250723T025749, end_date=20250723T025751
[2025-07-23T02:57:51.838+0000] {local_task_job_runner.py:234} INFO - Task exited with return code 0
[2025-07-23T02:57:51.901+0000] {taskinstance.py:3280} INFO - 1 downstream tasks scheduled from follow-on schedule check
