[2025-07-23T01:54:01.294+0000] {taskinstance.py:1956} INFO - Dependencies all met for dep_context=non-requeueable deps ti=<TaskInstance: etl_pipeline.transform_all scheduled__2025-07-22T00:00:00+00:00 [queued]>
[2025-07-23T01:54:01.304+0000] {taskinstance.py:1956} INFO - Dependencies all met for dep_context=requeueable deps ti=<TaskInstance: etl_pipeline.transform_all scheduled__2025-07-22T00:00:00+00:00 [queued]>
[2025-07-23T01:54:01.305+0000] {taskinstance.py:2170} INFO - Starting attempt 1 of 2
[2025-07-23T01:54:01.320+0000] {taskinstance.py:2191} INFO - Executing <Task(PythonOperator): transform_all> on 2025-07-22 00:00:00+00:00
[2025-07-23T01:54:01.326+0000] {standard_task_runner.py:60} INFO - Started process 268 to run task
[2025-07-23T01:54:01.331+0000] {standard_task_runner.py:87} INFO - Running: ['***', 'tasks', 'run', 'etl_pipeline', 'transform_all', 'scheduled__2025-07-22T00:00:00+00:00', '--job-id', '5', '--raw', '--subdir', 'DAGS_FOLDER/main_pipeline.py', '--cfg-path', '/tmp/tmp8yo33j5v']
[2025-07-23T01:54:01.334+0000] {standard_task_runner.py:88} INFO - Job 5: Subtask transform_all
[2025-07-23T01:54:01.418+0000] {task_command.py:423} INFO - Running <TaskInstance: etl_pipeline.transform_all scheduled__2025-07-22T00:00:00+00:00 [running]> on host d113f261e9bc
[2025-07-23T01:54:01.507+0000] {taskinstance.py:2480} INFO - Exporting env vars: AIRFLOW_CTX_DAG_OWNER='ingrid' AIRFLOW_CTX_DAG_ID='etl_pipeline' AIRFLOW_CTX_TASK_ID='transform_all' AIRFLOW_CTX_EXECUTION_DATE='2025-07-22T00:00:00+00:00' AIRFLOW_CTX_TRY_NUMBER='1' AIRFLOW_CTX_DAG_RUN_ID='scheduled__2025-07-22T00:00:00+00:00'
[2025-07-23T01:54:01.612+0000] {python.py:201} INFO - Done. Returned value was: None
[2025-07-23T01:54:01.624+0000] {taskinstance.py:1138} INFO - Marking task as SUCCESS. dag_id=etl_pipeline, task_id=transform_all, execution_date=20250722T000000, start_date=20250723T015401, end_date=20250723T015401
[2025-07-23T01:54:01.665+0000] {local_task_job_runner.py:234} INFO - Task exited with return code 0
[2025-07-23T01:54:01.685+0000] {taskinstance.py:3280} INFO - 0 downstream tasks scheduled from follow-on schedule check
[2025-07-23T02:57:57.138+0000] {taskinstance.py:1956} INFO - Dependencies all met for dep_context=non-requeueable deps ti=<TaskInstance: etl_pipeline.transform_all scheduled__2025-07-22T00:00:00+00:00 [queued]>
[2025-07-23T02:57:57.152+0000] {taskinstance.py:1956} INFO - Dependencies all met for dep_context=requeueable deps ti=<TaskInstance: etl_pipeline.transform_all scheduled__2025-07-22T00:00:00+00:00 [queued]>
[2025-07-23T02:57:57.153+0000] {taskinstance.py:2170} INFO - Starting attempt 1 of 2
[2025-07-23T02:57:57.174+0000] {taskinstance.py:2191} INFO - Executing <Task(PythonOperator): transform_all> on 2025-07-22 00:00:00+00:00
[2025-07-23T02:57:57.181+0000] {standard_task_runner.py:60} INFO - Started process 198 to run task
[2025-07-23T02:57:57.186+0000] {standard_task_runner.py:87} INFO - Running: ['***', 'tasks', 'run', 'etl_pipeline', 'transform_all', 'scheduled__2025-07-22T00:00:00+00:00', '--job-id', '5', '--raw', '--subdir', 'DAGS_FOLDER/main_pipeline.py', '--cfg-path', '/tmp/tmp9ti69mgv']
[2025-07-23T02:57:57.190+0000] {standard_task_runner.py:88} INFO - Job 5: Subtask transform_all
[2025-07-23T02:57:57.278+0000] {task_command.py:423} INFO - Running <TaskInstance: etl_pipeline.transform_all scheduled__2025-07-22T00:00:00+00:00 [running]> on host ee71ed761826
[2025-07-23T02:57:57.386+0000] {taskinstance.py:2480} INFO - Exporting env vars: AIRFLOW_CTX_DAG_OWNER='ingrid' AIRFLOW_CTX_DAG_ID='etl_pipeline' AIRFLOW_CTX_TASK_ID='transform_all' AIRFLOW_CTX_EXECUTION_DATE='2025-07-22T00:00:00+00:00' AIRFLOW_CTX_TRY_NUMBER='1' AIRFLOW_CTX_DAG_RUN_ID='scheduled__2025-07-22T00:00:00+00:00'
[2025-07-23T02:57:57.501+0000] {python.py:201} INFO - Done. Returned value was: None
[2025-07-23T02:57:57.514+0000] {taskinstance.py:1138} INFO - Marking task as SUCCESS. dag_id=etl_pipeline, task_id=transform_all, execution_date=20250722T000000, start_date=20250723T025757, end_date=20250723T025757
[2025-07-23T02:57:57.561+0000] {local_task_job_runner.py:234} INFO - Task exited with return code 0
[2025-07-23T02:57:57.583+0000] {taskinstance.py:3280} INFO - 0 downstream tasks scheduled from follow-on schedule check
